2+2W+fence.r.rw+fence.rw.rw
R+fence.r.rw+fence.rw.rw
R+fence.rw.rw+fence.rw.w
R+fence.w.w+fence.rw.w
R+fence.w.w+fence.r.rw
R+fence.rw.rw+fence.r.rw
S+fence.rw.rw+fence.w.w
MP+fence.r.rw+fence.rw.rw
MP+fence.rw.rw+fence.rw.w
SB+fence.rw.w+fence.rw.rw
2+2W+fence.r.rw+fence.rw.w
MP+fence.rw.ws
S+fence.r.rw+fence.rw.rw
SB+fence.r.rws
LB+fence.r.rw+fence.w.w
R+fence.rw.ws
S+fence.r.rws
S+fence.w.ws
LB+fence.w.ws
LB+fence.w.w+fence.rw.w
R+fence.rw.w+fence.r.rw
LB+fence.w.w+fence.rw.rw
MP+fence.w.w+fence.rw.w
SB+fence.r.rw+fence.rw.rw
S+fence.r.rw+fence.rw.w
MP+fence.rw.rw+ctrlfence.w.r
2+2W+fence.r.rw+fence.w.w
S+fence.rw.w+fence.w.w
2+2W+fence.r.rws
SB+fence.rw.ws
MP+fence.r.rws
LB+fence.w.w+ctrl
S+fence.r.rw+addr
MP+fence.r.rw+addr
LB+fence.w.w+addr
S+fence.r.rw+data
R+fence.w.w+fence.tso
S+fence.r.rw+ctrl
LB+fence.w.w+data
R+fence.tsos
SB+fence.tsos
SB+rfi-fence.r.rs
ISA02
SB+fence.rw.rw+ctrlfence.r.r
LB+fence.rw.rw+poxp
LB+fence.rw.rw+popx
S+fence.rw.rw+popx
S+fence.rw.rw+poxp
SB+fence.tso+fence.tsoxp
R+fence.tsoxp+fence.tso
LB+ctrl+popx
SB+fence.tso+fence.tsopx
2+2W+fence.tso+fence.tsopx
R+fence.tso+fence.tsopx
R+fence.tsopx+fence.tso
LB+addr+poxp
LB+data+poxp
LB+addr+popx
LB+data+popx
LB+ctrl+poxp
ISA-MP-DEP-SUCCESS-SWAP-SIMPLE
LB+data+datapx-dataxp
ISA-MP-DEP-SUCCESS-SWAP
SB+popaqs+NEW
2+2W+porlps+NEW
S+porlp+poprl+NEW
2+2W+poprl+porlp+NEW
2+2W+porlp+porlrl+NEW
2+2Swap
