LB+fence.rw.w+ctrl
S+fence.w.w+data
S+fence.rw.rw+addr
LB+fence.r.rw+data
S+fence.rw.w+data
LB+fence.r.rw+ctrl
MP+fence.rw.w+addr
LB+fence.rw.rw+data
S+fence.w.w+addr
S+fence.rw.rw+data
S+fence.w.w+ctrl
S+fence.rw.w+ctrl
MP+fence.w.w+addr
LB+fence.r.rw+addr
C-Will03
LB+fence.rw.rw+ctrl
ISA-DEP-ADDR
MP+fence.rw.rw+addr
LB+fence.rw.rw+addr
S+fence.rw.rw+ctrl
LB+fence.rw.w+addr
C-Will02
LB+fence.rw.w+data
S+fence.rw.w+addr
ISA13+BIS
LB+data+ctrl
LB+datas
LB+addr+data
LB+addr+ctrl
LB+addrs
LB+ctrls
R+fence.rw.w+rfi-addr
2+2W+fence.rw.w+rfi-addr
MP+fence.w.w+ctrl-rfi
2+2W+fence.w.w+rfi-addr
R+fence.w.w+rfi-addr
MP+fence.rw.w+data-rfi
ISA14
S+rfi-addr+fence.r.rw
S+rfi-ctrl+fence.rw.rw
MP+fence.rw.w+ctrl-rfi
2+2W+fence.rw.rw+rfi-data
R+fence.rw.rw+rfi-addr
2+2W+fence.rw.rw+rfi-addr
2+2W+fence.rw.w+rfi-data
MP+fence.w.w+addr-rfi
MP+fence.rw.rw+addr-rfi
2+2W+fence.w.w+rfi-ctrl
S+rfi-ctrl+fence.rw.w
S+rfi-ctrl+fence.r.rw
S+rfi-data+fence.r.rw
2+2W+fence.rw.rw+rfi-ctrl
S+rfi-data+fence.rw.w
S+rfi-addr+fence.rw.w
S+rfi-addr+fence.rw.rw
2+2W+fence.rw.w+rfi-ctrl
MP+fence.w.w+data-rfi
S+rfi-data+fence.rw.rw
MP+fence.rw.rw+data-rfi
MP+fence.rw.w+addr-rfi
C-Will02+HEAD
ISA-DEP-CTRL
MP+fence.rw.rw+ctrl-rfi
LB+fence.r.rw+addr-po
2+2W+fence.w.w+rfi-data
MP+fence.rw.rw+amoswap-rfi-addr
MP+fence.rw.rw+data-amoswap-addr
C-Will01-Bad
S+rfi-addr+data
S+rfi-ctrl+data
S+rfi-data+ctrl
S+rfi-addr+addr
S+rfi-ctrl+ctrl
S+rfi-ctrl+addr
S+rfi-addr+ctrl
S+rfi-data+addr
S+rfi-data+data
R+fence.rw.w+rfi-addr-rfi
S+fence.rw.rw+ctrl-rfi-data
LB+poprls+NEW
S+popar+poarp+NEW
LB+fence.rw.w+data-rfi-data
S+fence.rw.rw+data-rfi-addr
ISA-DEP-WR-ADDR
LB+fence.rw.rw+fri-rfi-data
LB+fence.rw.rw+fri-rfi-addr
MP+fence.rw.rw+ctrl-rfi-addrs
R+fence.rw.w+rfi-ctrl-rfi
LB+fence.rw.rw+addr-rfi-addr
MP+fence.w.w+addr-rfi-addrs
S+fence.rw.rw+ctrl-rfi-ctrl
MP+fence.w.w+data-rfi-addrs
LB+fence.rw.rw+ctrl-rfi-data
S+fence.w.w+ctrl-rfi-addr
MP+poarps+NEW
LB+fence.r.rw+ctrl-rfi-ctrl
MP+popar+poarp+NEW
MP+fence.w.w+data-rfi-addr
S+fence.w.w+data-rfi-ctrl
LB+fence.r.rw+addr-rfi-data
S+fence.rw.rw+addr-rfi-ctrl
S+fence.rw.w+data-rfi-addr
R+popar+poarp+NEW
2+2W+poarps+NEW
S+poprls+NEW
MP+poarp+popar+NEW
LB+fence.r.rw+addr-rfi-ctrl
LB+fence.rw.rw+ctrl-rfi-addr
S+fence.rw.w+data-rfi-ctrl
MP+fence.rw.rw+data-rfi-addrs
LB+fence.r.rw+data-rfi-data
S+poarps+NEW
R+poarps+NEW
2+2W+popars+NEW
MP+fence.rw.w+data-rfi-addrs
LB+fence.rw.rw+fri-rfi-ctrl
S+fence.rw.rw+data-rfi-data
R+fence.rw.w+rfi-data-rfi
LB+fence.rw.w+data-rfi-ctrl
2+2W+poprls+NEW
ISA13
ISA14+NEW
MP+fence.rw.w+addr-rfi-addr
MP+fence.rw.rw+addr-fri-rfi
S+fence.w.w+data-rfi-addr
LB+poaqps+NEW
MP+fence.w.w+addr-rfi-addr
S+fence.w.w+fri-rfi-ctrl+REAL
R+fence.w.w+rfi-addr-rfi
LB+fence.rw.rw+data-rfi-addr
S+fence.rw.rw+addr-rfi-addr
R+fence.rw.rw+rfi-data-rfi
LB+fence.r.rw+ctrl-rfi-data
R+fence.w.w+rfi-data-rfi
MP+fence.rw.w+data-rfi-addr
SB+poarps+NEW
MP+fence.rw.w+ctrl-rfi-addrs
LB+fence.rw.w+ctrl-rfi-data
S+fence.rw.rw+data-rfi-ctrl
ISA09
Luc03+BIS
LB+popars+NEW
PPOLDSTLD01
MP+fence.rw.rw+ctrl-fri-rfi
S+fence.w.w+addr-rfi-data
LB+fence.rw.w+addr-rfi-data
LB+fence.rw.w+addr-rfi-addr
LB+fence.rw.w+data-rfi-addr
LB+poarps+NEW
R+fence.rw.rw+rfi-addr-rfi
MP+fence.w.w+ctrl-rfi-addrs
LB+fence.rw.rw+data-rfi-ctrl
R+poarp+popar+NEW
S+fence.rw.rw+addr-rfi-data
S+fence.rw.rw+ctrl-rfi-addr
S+popars+NEW
LB+fence.rw.rw+addr-rfi-data
LB+fence.r.rw+data-rfi-addr
S+fence.w.w+data-rfi-data
MP+popars+NEW
S+fence.rw.rw+fri-rfi-addr
S+fence.rw.rw+fri-rfi-ctrl
LB+fence.rw.w+ctrl-rfi-addr
S+fence.rw.w+addr-rfi-ctrl
LB+fence.rw.rw+ctrl-rfi-ctrl
S+fence.w.w+ctrl-rfi-ctrl
LB+fence.r.rw+addr-rfi-addr
PPOAA
R+fence.rw.rw+rfi-ctrl-rfi
S+fence.w.w+data-wsi
LB+fence.rw.rw+addr-rfi-ctrl
PPODA
MP+fence.rw.w+addr-rfi-addrs
SB+popar+poarp+NEW
2+2W+popar+poarp+NEW
S+poarp+popar+NEW
MP+fence.rw.rw+data-rfi-addr
R+popars+NEW
S+fence.rw.rw+fri-rfi-data
S+fence.rw.w+addr-rfi-data
LB+fence.r.rw+ctrl-rfi-addr
S+fence.w.w+ctrl-rfi-data
MP+fence.rw.rw+addr-rfi-addrs
LB+fence.rw.w+ctrl-rfi-ctrl
S+fence.rw.w+ctrl-rfi-data
LB+fence.r.rw+data-rfi-ctrl
MP+fence.rw.rw+fri-rfi-addr
S+fence.rw.w+ctrl-rfi-ctrl
LB+fence.rw.rw+data-rfi-data
SB+popars+NEW
S+fence.w.w+addr-rfi-addr
Luc03
S+fence.rw.w+addr-rfi-addr
MP+fence.w.w+fri-rfi-addr
LB+popar+poarp+NEW
S+fence.rw.w+data-rfi-data
S+fence.rw.w+ctrl-rfi-addr
LB+fence.rw.w+addr-rfi-ctrl
S+fence.w.w+addr-rfi-ctrl
MP+fence.rw.rw+addr-rfi-addr
R+fence.w.w+rfi-ctrl-rfi
ForwardAMO
ISA-MP-DEP-SUCCESS-SWAP-SIMPLE
MP+fence.rw.rw+rmw-wsi-rfi-addr
Andy22
MP+fence.rw.rw+ctrl-amoswap-rfi-addr
S+poarp+poarar+NEW
LB+popar+poarar+NEW
S+porlrl+poprl+NEW
R+popar+poarar+NEW
2+2W+poarp+poarar+NEW
SB+poarp+poarar+NEW
S+poarar+poarp+NEW
R+poarar+poarp+NEW
MP+poarar+popar+NEW
2+2W+popar+poarar+NEW
2+2W+poprl+porlrl+NEW
R+poarar+popar+NEW
MP+popar+poarar+NEW
S+poarar+popar+NEW
MP+poarp+poarar+NEW
S+popar+poarar+NEW
R+poarp+poarar+NEW
MP+poarar+poarp+NEW
LB+poarp+poarar+NEW
SB+popar+poarar+NEW
R+fence.w.w+posxp-addr
LB+addr+data-rfi-ctrl
LB+addr+addr-rfi-data
LB+data+ctrl-rfi-data
LB+addr+addr-rfi-addr
LB+addr+ctrl-rfi-addr
ISA-DEP-WW-CTRL
LB+addr+ctrl-rfi-data
ISA-MP-DEP-WW-SUCCESS
LB+ctrl+addr-rfi-ctrl
LB+data+fri-rfi-addr
LB+ctrl+ctrl-rfi-addr
LB+data+ctrl-rfi-ctrl
LB+ctrl+data-rfi-addr
LB+ctrl+fri-rfi-data
LB+data+addr-rfi-data
LB+ctrl+addr-rfi-addr
RSW+W
LB+data+data-rfi-ctrl
LB+data+data-rfi-addr
LB+data+fri-rfi-data
LB+addr+fri-rfi-addr
LB+addr+fri-rfi-data
LB+data+addr-rfi-ctrl
LB+data+addr-rfi-addr
LB+addr+data-rfi-data
LB+data+fri-rfi-ctrl
ISA-DEP-WW-DATA
LB+data+data-rfi-data
LB+ctrl+addr-rfi-data
LB+ctrl+fri-rfi-addr
LB+addr+ctrl-rfi-ctrl
LB+addr+addr-rfi-ctrl
LB+ctrl+ctrl-rfi-data
ISA-DEP-WW-ADDR
LB+ctrl+data-rfi-ctrl
LB+ctrl+fri-rfi-ctrl
LB+addr+data-rfi-addr
LB+data+ctrl-rfi-addr
LB+addr+fri-rfi-ctrl
LB+ctrl+ctrl-rfi-ctrl
LB+ctrl+data-rfi-data
ISA11
ISA-MP-DEP-SUCCESS-SWAP
LB+poarars+NEW
2+2W+rfi-addr+rfi-ctrl
LB+amoadd-data-amoadds
MP+rfi-data+addr-rfi
2+2W+rfi-datas
2+2W+rfi-addrs
2+2W+poarars+NEW
MP+rfi-data+ctrl-rfi
2+2W+rfi-ctrls
SB+poarars+NEW
S+poarars+NEW
MP+rfi-ctrl+ctrl-rfi
MP+rfi-ctrl+addr-rfi
MP+rfi-data+data-rfi
MP+rfi-addr+addr-rfi
2+2W+porlrls+NEW
LB+amoadd-data-amoadd.rl+amoadd.aq-data-amoadd
MP+rfi-addr+data-rfi
MP+poarars+NEW
MP+rfi-ctrl+data-rfi
2+2Swap+Acqs
R+poarars+NEW
MP+rfi-addr+ctrl-rfi
2+2W+rfi-data+rfi-ctrl
2+2W+rfi-addr+rfi-data
ISA-OLD+BIS
LB+data+datapx-dataxp
S+rfi-data+addr-rfi-data
S+rfi-addr+ctrl-rfi-data
R+rfi-data+rfi-data-rfi
S+rfi-data+data-rfi-data
S+rfi-addr+ctrl-rfi-ctrl
S+rfi-data+data-rfi-ctrl
S+rfi-data+ctrl-rfi-ctrl
Luc02+BIS
MP+rfi-addr+addr-rfi-addrs
MP+rfi-addr+ctrl-rfi-addrs
R+rfi-addr+rfi-addr-rfi
S+rfi-data+ctrl-rfi-addr
Luc02
S+rfi-ctrl+ctrl-rfi-addr
R+rfi-data+rfi-addr-rfi
MP+rfi-data+ctrl-rfi-addrs
S+rfi-addr+ctrl-rfi-addr
R+rfi-ctrl+rfi-ctrl-rfi
MP+rfi-ctrl+ctrl-rfi-addrs
S+rfi-ctrl+ctrl-rfi-ctrl
MP+rfi-data+data-rfi-addrs
S+rfi-data+data-rfi-addr
S+rfi-addr+addr-rfi-addr
MP+rfi-data+addr-rfi-addrs
S+rfi-addr+addr-rfi-data
R+rfi-addr+rfi-data-rfi
MP+rfi-ctrl+addr-rfi-addrs
R+rfi-ctrl+rfi-data-rfi
S+rfi-data+ctrl-rfi-data
S+rfi-addr+addr-rfi-ctrl
S+rfi-data+addr-rfi-addr
S+rfi-addr+data-rfi-data
S+rfi-ctrl+data-rfi-addr
R+rfi-ctrl+rfi-addr-rfi
S+rfi-addr+data-rfi-ctrl
MP+rfi-addr+data-rfi-addrs
S+rfi-ctrl+data-rfi-data
S+rfi-addr+data-rfi-addr
S+rfi-ctrl+addr-rfi-ctrl
S+rfi-ctrl+addr-rfi-data
S+rfi-ctrl+addr-rfi-addr
S+rfi-ctrl+data-rfi-ctrl
S+rfi-data+addr-rfi-ctrl
S+rfi-ctrl+ctrl-rfi-data
R+rfi-addr+rfi-ctrl-rfi
MP+rfi-ctrl+data-rfi-addrs
R+rfi-data+rfi-ctrl-rfi
AMO-FENCE
Andy27+FILTER
LB+addr-rfi-ctrl+data-rfi-data
LB+addr-rfi-data+data-rfi-ctrl
LB+fri-rfi-datas
LB+ctrl-rfi-data+ctrl-rfi-ctrl
LB+addr-rfi-ctrl+ctrl-rfi-data
LB+data-rfi-data+data-rfi-ctrl
LB+data-rfi-data+ctrl-rfi-data
LB+data-rfi-ctrls
LB+addr-rfi-ctrls
LB+addr-rfi-data+ctrl-rfi-ctrl
LB+addr-rfi-ctrl+ctrl-rfi-ctrl
SB+rfi-addr-rfi+rfi-data-rfi
LB+fri-rfi-addrs
LB+fri-rfi-addr+fri-rfi-data
LB+data-rfi-datas
LB+addr-rfi-addr+addr-rfi-data
LB+ctrl-rfi-datas
LB+data-rfi-data+ctrl-rfi-addr
LB+addr-rfi-addr+addr-rfi-ctrl
LB+addr-rfi-data+ctrl-rfi-addr
LB+addr-rfi-data+data-rfi-addr
LB+data-rfi-addrs
LB+data-rfi-addr+data-rfi-ctrl
LB+data-rfi-ctrl+ctrl-rfi-ctrl
LB+addr-rfi-data+ctrl-rfi-data
LB+addr-rfi-addr+data-rfi-data
LB+fri-rfi-ctrls
LB+addr-rfi-data+addr-rfi-ctrl
LB+fri-rfi-data+fri-rfi-ctrl
SB+rfi-addr-rfi+rfi-ctrl-rfi
LB+addr-rfi-datas
LB+ctrl-rfi-addr+ctrl-rfi-ctrl
LB+ctrl-rfi-addr+ctrl-rfi-data
LB+addr-rfi-addrs
LB+addr-rfi-ctrl+ctrl-rfi-addr
LB+ctrl-rfi-addrs
LB+data-rfi-addr+ctrl-rfi-data
LB+ctrl-rfi-ctrls
LB+addr-rfi-data+data-rfi-data
LB+data-rfi-ctrl+ctrl-rfi-addr
LB+data-rfi-ctrl+ctrl-rfi-data
LB+addr-rfi-addr+data-rfi-addr
LB+data-rfi-addr+ctrl-rfi-ctrl
LB+addr-rfi-addr+ctrl-rfi-data
LB+data-rfi-data+ctrl-rfi-ctrl
LB+data-rfi-addr+ctrl-rfi-addr
LB+addr-rfi-addr+data-rfi-ctrl
LB+fri-rfi-addr+fri-rfi-ctrl
LB+data-rfi-addr+data-rfi-data
SB+rfi-data-rfis
LB+addr-rfi-addr+ctrl-rfi-addr
SB+rfi-data-rfi+rfi-ctrl-rfi
LB+addr-rfi-ctrl+data-rfi-ctrl
LB+addr-rfi-ctrl+data-rfi-addr
SB+rfi-ctrl-rfis
LB+addr-rfi-addr+ctrl-rfi-ctrl
SB+rfi-addr-rfis
ISA03+SB01
ISA03+SIMPLE
LR-SC-NOT-FENCE
