[INFO] cmd: eval $(opam env); herd7 /home/whq/Desktop/code_list/tracesynth/src/tracesynth/../../tests/experiment/exp3_sifive/2+2W.litmus -model /home/whq/Desktop/code_list/tracesynth/src/tracesynth/../../tests/input/CAT/rvtso.cat, time cost: 1.6689300537109375e-06

Test 2+2W Allowed
States 3
x=1; y=1;
x=1; y=2;
x=2; y=1;
No
Witnesses
Positive: 0 Negative: 3
Condition exists (x=2 /\ y=2)
Observation 2+2W Never 0 3
Time 2+2W 0.00
Hash=1762fc2faa075cba02bfe39439261ba5

[INFO] cmd: eval $(opam env); herd7 /home/whq/Desktop/code_list/tracesynth/src/tracesynth/../../tests/experiment/exp3_sifive/LB.litmus -model /home/whq/Desktop/code_list/tracesynth/src/tracesynth/../../tests/input/CAT/rvtso.cat, time cost: 1.9073486328125e-06

Test LB Allowed
States 3
0:x5=0; 1:x5=0;
0:x5=0; 1:x5=1;
0:x5=1; 1:x5=0;
No
Witnesses
Positive: 0 Negative: 3
Condition exists (0:x5=1 /\ 1:x5=1)
Observation LB Never 0 3
Time LB 0.00
Hash=585d57e5ad552d5cb01e772ee7cc749c

[INFO] cmd: eval $(opam env); herd7 /home/whq/Desktop/code_list/tracesynth/src/tracesynth/../../tests/experiment/exp3_sifive/SB.litmus -model /home/whq/Desktop/code_list/tracesynth/src/tracesynth/../../tests/input/CAT/rvtso.cat, time cost: 2.384185791015625e-06

Test SB Allowed
States 4
0:x7=0; 1:x7=0;
0:x7=0; 1:x7=1;
0:x7=1; 1:x7=0;
0:x7=1; 1:x7=1;
Ok
Witnesses
Positive: 1 Negative: 3
Condition exists (0:x7=0 /\ 1:x7=0)
Observation SB Sometimes 1 3
Time SB 0.00
Hash=1be21f7e9dba92a472a306f5f690a1f6

[INFO] cmd: eval $(opam env); herd7 /home/whq/Desktop/code_list/tracesynth/src/tracesynth/../../tests/experiment/exp3_sifive/MP.litmus -model /home/whq/Desktop/code_list/tracesynth/src/tracesynth/../../tests/input/CAT/rvtso.cat, time cost: 1.430511474609375e-06

Test MP Allowed
States 3
1:x5=0; 1:x7=0;
1:x5=0; 1:x7=1;
1:x5=1; 1:x7=1;
No
Witnesses
Positive: 0 Negative: 3
Condition exists (1:x5=1 /\ 1:x7=0)
Observation MP Never 0 3
Time MP 0.00
Hash=2939da84098a543efdbb91e30585ab71

[INFO] total time cost: 0.072618
