[INFO] cmd: eval $(opam env); herd7 /home/whq/Desktop/code_list/tracesynth/src/tracesynth/../../tests/experiment/exp2_align_memsynth/x86-1.litmus -model /home/whq/Desktop/code_list/tracesynth/src/tracesynth/../../tests/input/CAT/rvwmo-for-rvtso.cat, time cost: 2.1457672119140625e-06

Test x86-1 Allowed
States 4
1:x5=0; 1:x7=0;
1:x5=0; 1:x7=1;
1:x5=1; 1:x7=0;
1:x5=1; 1:x7=1;
Ok
Witnesses
Positive: 1 Negative: 3
Condition exists (1:x5=1 /\ 1:x7=0)
Observation x86-1 Sometimes 1 3
Time x86-1 0.00
Hash=2939da84098a543efdbb91e30585ab71

[INFO] cmd: eval $(opam env); herd7 /home/whq/Desktop/code_list/tracesynth/src/tracesynth/../../tests/experiment/exp2_align_memsynth/x86-6.litmus -model /home/whq/Desktop/code_list/tracesynth/src/tracesynth/../../tests/input/CAT/rvwmo-for-rvtso.cat, time cost: 2.86102294921875e-06

Test x86-6 Allowed
States 8
1:x5=0; 2:x5=0; 2:x7=0;
1:x5=0; 2:x5=0; 2:x7=1;
1:x5=0; 2:x5=1; 2:x7=0;
1:x5=0; 2:x5=1; 2:x7=1;
1:x5=1; 2:x5=0; 2:x7=0;
1:x5=1; 2:x5=0; 2:x7=1;
1:x5=1; 2:x5=1; 2:x7=0;
1:x5=1; 2:x5=1; 2:x7=1;
Ok
Witnesses
Positive: 1 Negative: 7
Condition exists (1:x5=1 /\ 2:x5=1 /\ 2:x7=0)
Observation x86-6 Sometimes 1 7
Time x86-6 0.00
Hash=a0834419a6f0294f0e98c975349780e9

[INFO] cmd: eval $(opam env); herd7 /home/whq/Desktop/code_list/tracesynth/src/tracesynth/../../tests/experiment/exp2_align_memsynth/x86-5.litmus -model /home/whq/Desktop/code_list/tracesynth/src/tracesynth/../../tests/input/CAT/rvwmo-for-rvtso.cat, time cost: 2.1457672119140625e-06

Test x86-5 Allowed
States 4
0:x8=0; 1:x8=0;
0:x8=0; 1:x8=1;
0:x8=1; 1:x8=0;
0:x8=1; 1:x8=1;
Ok
Witnesses
Positive: 1 Negative: 3
Condition exists (0:x8=0 /\ 1:x8=0)
Observation x86-5 Sometimes 1 3
Time x86-5 0.00
Hash=325223b5d7f3a2e628a6d0009d1493f1

[INFO] cmd: eval $(opam env); herd7 /home/whq/Desktop/code_list/tracesynth/src/tracesynth/../../tests/experiment/exp2_align_memsynth/x86-7.litmus -model /home/whq/Desktop/code_list/tracesynth/src/tracesynth/../../tests/input/CAT/rvwmo-for-rvtso.cat, time cost: 1.9073486328125e-06

Test x86-7 Allowed
States 16
1:x5=0; 1:x7=0; 3:x5=0; 3:x7=0;
1:x5=0; 1:x7=0; 3:x5=0; 3:x7=1;
1:x5=0; 1:x7=0; 3:x5=1; 3:x7=0;
1:x5=0; 1:x7=0; 3:x5=1; 3:x7=1;
1:x5=0; 1:x7=1; 3:x5=0; 3:x7=0;
1:x5=0; 1:x7=1; 3:x5=0; 3:x7=1;
1:x5=0; 1:x7=1; 3:x5=1; 3:x7=0;
1:x5=0; 1:x7=1; 3:x5=1; 3:x7=1;
1:x5=1; 1:x7=0; 3:x5=0; 3:x7=0;
1:x5=1; 1:x7=0; 3:x5=0; 3:x7=1;
1:x5=1; 1:x7=0; 3:x5=1; 3:x7=0;
1:x5=1; 1:x7=0; 3:x5=1; 3:x7=1;
1:x5=1; 1:x7=1; 3:x5=0; 3:x7=0;
1:x5=1; 1:x7=1; 3:x5=0; 3:x7=1;
1:x5=1; 1:x7=1; 3:x5=1; 3:x7=0;
1:x5=1; 1:x7=1; 3:x5=1; 3:x7=1;
Ok
Witnesses
Positive: 1 Negative: 15
Condition exists (1:x5=1 /\ 1:x7=0 /\ 3:x5=1 /\ 3:x7=0)
Observation x86-7 Sometimes 1 15
Time x86-7 0.00
Hash=d881344d35a36d0254c9c3cf80aa22b3

[INFO] cmd: eval $(opam env); herd7 /home/whq/Desktop/code_list/tracesynth/src/tracesynth/../../tests/experiment/exp2_align_memsynth/x86-4.litmus -model /home/whq/Desktop/code_list/tracesynth/src/tracesynth/../../tests/input/CAT/rvwmo-for-rvtso.cat, time cost: 2.384185791015625e-06

Test x86-4 Allowed
States 1
0:x7=1;
No
Witnesses
Positive: 0 Negative: 1
Condition exists (0:x7=0)
Observation x86-4 Never 0 1
Time x86-4 0.00
Hash=59f10f00607b7e653fdb3db147373ddb

[INFO] cmd: eval $(opam env); herd7 /home/whq/Desktop/code_list/tracesynth/src/tracesynth/../../tests/experiment/exp2_align_memsynth/x86-3.litmus -model /home/whq/Desktop/code_list/tracesynth/src/tracesynth/../../tests/input/CAT/rvwmo-for-rvtso.cat, time cost: 1.9073486328125e-06

Test x86-3 Allowed
States 4
0:x7=0; 1:x7=0;
0:x7=0; 1:x7=1;
0:x7=1; 1:x7=0;
0:x7=1; 1:x7=1;
Ok
Witnesses
Positive: 1 Negative: 3
Condition exists (0:x7=0 /\ 1:x7=0)
Observation x86-3 Sometimes 1 3
Time x86-3 0.00
Hash=1be21f7e9dba92a472a306f5f690a1f6

[INFO] cmd: eval $(opam env); herd7 /home/whq/Desktop/code_list/tracesynth/src/tracesynth/../../tests/experiment/exp2_align_memsynth/x86-10.litmus -model /home/whq/Desktop/code_list/tracesynth/src/tracesynth/../../tests/input/CAT/rvwmo-for-rvtso.cat, time cost: 2.1457672119140625e-06

Test x86-10 Allowed
States 4
1:x5=0; 1:x7=0;
1:x5=0; 1:x7=1;
1:x5=1; 1:x7=0;
1:x5=1; 1:x7=1;
Ok
Witnesses
Positive: 1 Negative: 3
Condition exists (1:x5=1 /\ 1:x7=0)
Observation x86-10 Sometimes 1 3
Time x86-10 0.00
Hash=900f21d42d205332c1ec811fa38409e9

[INFO] cmd: eval $(opam env); herd7 /home/whq/Desktop/code_list/tracesynth/src/tracesynth/../../tests/experiment/exp2_align_memsynth/x86-8.litmus -model /home/whq/Desktop/code_list/tracesynth/src/tracesynth/../../tests/input/CAT/rvwmo-for-rvtso.cat, time cost: 1.9073486328125e-06

Test x86-8 Allowed
States 16
1:x5=0; 1:x7=0; 3:x5=0; 3:x7=0;
1:x5=0; 1:x7=0; 3:x5=0; 3:x7=1;
1:x5=0; 1:x7=0; 3:x5=1; 3:x7=0;
1:x5=0; 1:x7=0; 3:x5=1; 3:x7=1;
1:x5=0; 1:x7=1; 3:x5=0; 3:x7=0;
1:x5=0; 1:x7=1; 3:x5=0; 3:x7=1;
1:x5=0; 1:x7=1; 3:x5=1; 3:x7=0;
1:x5=0; 1:x7=1; 3:x5=1; 3:x7=1;
1:x5=1; 1:x7=0; 3:x5=0; 3:x7=0;
1:x5=1; 1:x7=0; 3:x5=0; 3:x7=1;
1:x5=1; 1:x7=0; 3:x5=1; 3:x7=0;
1:x5=1; 1:x7=0; 3:x5=1; 3:x7=1;
1:x5=1; 1:x7=1; 3:x5=0; 3:x7=0;
1:x5=1; 1:x7=1; 3:x5=0; 3:x7=1;
1:x5=1; 1:x7=1; 3:x5=1; 3:x7=0;
1:x5=1; 1:x7=1; 3:x5=1; 3:x7=1;
Ok
Witnesses
Positive: 1 Negative: 15
Condition exists (1:x5=1 /\ 1:x7=0 /\ 3:x5=1 /\ 3:x7=0)
Observation x86-8 Sometimes 1 15
Time x86-8 0.00
Hash=70736c8ed668f190fe1a30cd0a00641b

[INFO] cmd: eval $(opam env); herd7 /home/whq/Desktop/code_list/tracesynth/src/tracesynth/../../tests/experiment/exp2_align_memsynth/x86-2.litmus -model /home/whq/Desktop/code_list/tracesynth/src/tracesynth/../../tests/input/CAT/rvwmo-for-rvtso.cat, time cost: 1.430511474609375e-06

Test x86-2 Allowed
States 4
0:x5=0; 1:x5=0;
0:x5=0; 1:x5=1;
0:x5=1; 1:x5=0;
0:x5=1; 1:x5=1;
Ok
Witnesses
Positive: 1 Negative: 3
Condition exists (0:x5=1 /\ 1:x5=1)
Observation x86-2 Sometimes 1 3
Time x86-2 0.00
Hash=585d57e5ad552d5cb01e772ee7cc749c

[INFO] cmd: eval $(opam env); herd7 /home/whq/Desktop/code_list/tracesynth/src/tracesynth/../../tests/experiment/exp2_align_memsynth/x86-9.litmus -model /home/whq/Desktop/code_list/tracesynth/src/tracesynth/../../tests/input/CAT/rvwmo-for-rvtso.cat, time cost: 2.384185791015625e-06

Test x86-9 Allowed
States 4
0:x7=0; 1:x7=0;
0:x7=0; 1:x7=1;
0:x7=1; 1:x7=0;
0:x7=1; 1:x7=1;
Ok
Witnesses
Positive: 1 Negative: 3
Condition exists (0:x7=0 /\ 1:x7=0)
Observation x86-9 Sometimes 1 3
Time x86-9 0.00
Hash=99cdb205b7fc6ced010a8c9d10f5ff31

[INFO] total time cost: 0.200089
