R+fence.rw.ws|1
SB+fence.rw.ws|1
2+2W+fence.r.rw+fence.rw.rw|1
R+fence.r.rw+fence.rw.rw|1
S+fence.r.rw+fence.rw.rw|1
S+fence.rw.rw+fence.w.w|1
MP+fence.r.rw+fence.rw.rw|1
S+fence.rw.w+fence.w.w|1
LB+fence.w.ws|1
MP+fence.w.w+fence.rw.w|1
LB+fence.r.rw+fence.w.w|1
LB+fence.w.w+fence.rw.rw|1
MP+fence.r.rws|1
MP+fence.rw.ws|1
S+fence.r.rw+fence.rw.w|1
2+2W+fence.r.rw+fence.rw.w|1
R+fence.w.w+fence.r.rw|1
2+2W+fence.r.rw+fence.w.w|1
R+fence.rw.rw+fence.r.rw|1
MP+fence.rw.rw+ctrlfence.w.r|1
R+fence.rw.rw+fence.rw.w|1
R+fence.w.w+fence.rw.w|1
R+fence.rw.w+fence.r.rw|1
SB+fence.r.rw+fence.rw.rw|1
LB+fence.w.w+fence.rw.w|1
S+fence.w.ws|1
S+fence.r.rws|1
SB+fence.r.rws|1
SB+fence.rw.w+fence.rw.rw|1
MP+fence.rw.rw+fence.rw.w|1
LB+fence.w.w+addr|1
MP+fence.r.rw+addr|1
R+fence.w.w+fence.tso|1
S+fence.r.rw+ctrl|1
LB+fence.w.w+data|1
LB+fence.w.w+ctrl|1
S+fence.rw.w+po|1
S+fence.r.rw+data|1
LB+fence.rw.w+po|1
S+fence.r.rw+addr|1
R+fence.tsos|1
SB+fence.tsos|1
LB+fence.r.rw+data-po|1
MP+rfi-ctrl+fence.r.rw|1
MP+fence.w.w+ctrl-rfi-addrs|1
R+fence.w.w+rfi-ctrl-rfi|1
R+fence.w.w+rfi-ctrl-rfi|2
R+fence.w.w+rfi-data-rfi|1
R+fence.w.w+rfi-data-rfi|2
R+fence.w.w+rfi-data-rfi|3
SB+rfi-fence.r.rs|1
R+fence.rw.w+rfi-ctrl-rfi|1
R+fence.rw.w+rfi-ctrl-rfi|2
ISA02|1
R+po+popaq+NEW|1
SB+po+popaq+NEW|1
MP+fence.rw.rw+rmw-wsi-rfi-addr|1
MP+fence.rw.rw+rmw-wsi-rfi-addr|2
SB+fence.rw.rw+ctrlfence.r.r|1
LB+fence.rw.rw+popx|1
LB+fence.rw.rw+poxp|1
S+fence.rw.rw+poxp|1
S+fence.rw.rw+popx|1
R+fence.tso+fence.tsopx|1
LB+addr+popx|1
LB+addr+popx|2
2+2W+fence.tso+fence.tsopx|1
LB+addr+poxp|1
LB+data+poxp|1
LB+ctrl+popx|1
LB+ctrl+popx|2
SB+fence.tso+fence.tsopx|1
SB+fence.tso+fence.tsopx|2
SB+fence.tso+fence.tsopx|3
R+fence.tsopx+fence.tso|1
LB+data+popx|1
LB+data+popx|2
SB+fence.tso+fence.tsoxp|1
LB+ctrl+poxp|1
R+fence.tsoxp+fence.tso|1
R+fence.tsoxp+fence.tso|2
ISA-MP-DEP-SUCCESS-SWAP-SIMPLE|1
ISA-MP-DEP-SUCCESS-SWAP-SIMPLE|2
LB+data+datapx-dataxp|1
LB+data+datapx-dataxp|2
LB+addr+addrpx-poxp+VAR2|1
LB+addr+addrpx-poxp+VAR2|2
ISA-MP-DEP-SUCCESS-SWAP|1
ISA-MP-DEP-SUCCESS-SWAP|2
ISA-MP-DEP-SUCCESS-SWAP|3
2+2W+poprl+porlp+NEW|1
S+porlp+poprl+NEW|1
SB+popaqs+NEW|1
2+2W+porlps+NEW|1
2+2W+porlp+porlrl+NEW|1
2+2Swap|1
SB+rfi-data-rfi+rfi-ctrl-rfi|1
SB+rfi-data-rfi+rfi-ctrl-rfi|2
SB+rfi-data-rfi+rfi-ctrl-rfi|3
SB+rfi-data-rfi+rfi-ctrl-rfi|4
SB+rfi-data-rfi+rfi-ctrl-rfi|5
SB+rfi-data-rfi+rfi-ctrl-rfi|6
SB+rfi-data-rfi+rfi-ctrl-rfi|7
SB+rfi-data-rfi+rfi-ctrl-rfi|8
LB+fri-rfi-addr+fri-rfi-ctrl|1
LB+fri-rfi-addr+fri-rfi-ctrl|2
LB+fri-rfi-addr+fri-rfi-ctrl|3
LB+fri-rfi-addr+fri-rfi-ctrl|4
LB+fri-rfi-addr+fri-rfi-ctrl|5
LB+fri-rfi-addr+fri-rfi-ctrl|6
SB+rfi-ctrl-rfis|1
SB+rfi-ctrl-rfis|2
SB+rfi-ctrl-rfis|3
SB+rfi-ctrl-rfis|4
SB+rfi-ctrl-rfis|5
SB+rfi-ctrl-rfis|6
SB+rfi-ctrl-rfis|7
SB+rfi-ctrl-rfis|8
LB+addr+addrpx-poxp+VAR|1
ISA03+SIMPLE+BIS|1
ISA03+SIMPLE+BIS|2
R_fencerelFence.w.w_W_Fence_w_wdRW_Coe_Fence_rw_rwdWW_Rfe|1
W_po_R_PodWR_Fre_Fence_rw_rwdWW_Coe|1
W_po_R_PodWR_Fre_Fence_rw_rwdWW_Coe|2
W_po-loc_R_PosWR_DpAddrdW_Coe_Fence_rw_rwdWW_Coe|1
W_po-loc_R_PosWR_DpAddrdW_Coe_Fence_rw_rwdWW_Coe|2
W_po_W_PodWW_Coe_Fence_rw_rwdWW_Coe|1
W_po_W_PodWW_Coe_Fence_rw_rwdWW_Coe|2
W_fencerelFence.r.r_R_Fence_r_rdWR_Fre_Fence_rw_rwdWW_Coe|1
W_fencerelFence.r.r_R_Fence_r_rdWR_Fre_Fence_rw_rwdWW_Coe|2
R_po_XLr_po_AMO_PodRR_PodRR_LxSx_Coe_Fence_rw_rwdWW_Rfe|1
R_po_XLr_po_AMO_PodRR_PodRR_LxSx_Coe_Fence_rw_rwdWW_Rfe|2
R_po_XLr_po_AMO_PodRR_PodRR_LxSx_Coe_Fence_rw_rwdWW_Rfe|3
XLr_po_AMO_PodRR_LxSx_Coe_Fence_rw_rwdWW_Rfe|1
XLr_po_AMO_PodRR_LxSx_Coe_Fence_rw_rwdWW_Rfe|2
XLr_po_AMO_PodRR_LxSx_Coe_Fence_rw_rwdWW_Rfe|3
R_fencerelFence.w.r_R_Fence_w_rdRR_Fre_Fence_rw_rwdWW_Rfe|1
R_po_R_PodRR_Fre_Fence_rw_rwdWW_Rfe|1
AMO_po_AMO_LxSx_PodWR_LxSx_Coe_Fence_rw_rwdWW_Rfe|1
AMO_po_AMO_LxSx_PodWR_LxSx_Coe_Fence_rw_rwdWW_Rfe|2
R_po_XLr_PodRR_Fre_Fence_rw_rwdWW_Rfe|1
W_po_XLr_PodWR_Fre_Fence_rw_rwdWW_Coe|1
W_po_XLr_PodWR_Fre_Fence_rw_rwdWW_Coe|2
XLr_rmw_XSc_fencerelFence.r.r_R_Rfi_PosRW_Fence_r_rdWR_Fre_Fence_rw_rwdWW_Coe|1
XLr_rmw_XSc_fencerelFence.r.r_R_Rfi_PosRW_Fence_r_rdWR_Fre_Fence_rw_rwdWW_Coe|2
XLr_rmw_XSc_fencerelFence.r.r_R_Rfi_PosRW_Fence_r_rdWR_Fre_Fence_rw_rwdWW_Coe|3
W_fencerelFence.tso_R_Fence_tsodWR_Fre_Fence_rw_rwdWW_Coe|1
W_fencerelFence.tso_R_Fence_tsodWR_Fre_Fence_rw_rwdWW_Coe|2
RL_po_W_LxSx_PodWWRlP_Coe_Fence_rw_rwdWW_Rfe|1
RL_po_W_LxSx_PodWWRlP_Coe_Fence_rw_rwdWW_Rfe|2
W_fencerelFence.r.rw_W_Fence_r_rwdWW_Coe_Fence_rw_rwdWW_Coe|1
W_fencerelFence.r.rw_W_Fence_r_rwdWW_Coe_Fence_rw_rwdWW_Coe|2
R_po_XLr_po_W_PodRR_PodRW_Coe_Fence_rw_rwdWW_Rfe|1
R_po_XLr_po_W_PodRR_PodRW_Coe_Fence_rw_rwdWW_Rfe|2
R_po_XLr_po_W_PodRR_PodRW_Coe_Fence_rw_rwdWW_Rfe|3
W_rfi_R_Rfi_DpAddrdW_Coe_Fence_rw_rwdWW_Coe|1
W_rfi_R_Rfi_DpAddrdW_Coe_Fence_rw_rwdWW_Coe|2
W_rfi_R_Rfi_DpAddrdW_Coe_Fence_rw_rwdWW_Coe|3
W_rfi_R_po_R_Rfi_PodRR_Fre_Fence_rw_rwdWW_Coe|1
W_rfi_R_po_R_Rfi_PodRR_Fre_Fence_rw_rwdWW_Coe|2
W_rfi_R_po_R_Rfi_PodRR_Fre_Fence_rw_rwdWW_Coe|3
W_po-loc_R_po_R_PosWR_PodRR_Fre_Fence_rw_rwdWW_Coe|1
W_po-loc_R_po_R_PosWR_PodRR_Fre_Fence_rw_rwdWW_Coe|2
W_fencerelFence.tso_XLr_Fence_tsodWR_Fre_Fence_rw_rwdWW_Coe|1
W_fencerelFence.tso_XLr_Fence_tsodWR_Fre_Fence_rw_rwdWW_Coe|2
XLr_rmw_XSc_po_W_PosRW_PodWW_Coe_Fence_rw_rwdWW_Rfe|1
XLr_rmw_XSc_po_W_PosRW_PodWW_Coe_Fence_rw_rwdWW_Rfe|2
W_po_AQ_PodWRPAq_LxSx_Coe_Fence_rw_rwdWW_Coe|1
W_po_AQ_PodWRPAq_LxSx_Coe_Fence_rw_rwdWW_Coe|2
XLr_po_W_PodRW_Coe_Fence_rw_rwdWW_Rfe|1
XLr_po_W_PodRW_Coe_Fence_rw_rwdWW_Rfe|2
XLr_po_W_PodRW_Coe_Fence_rw_rwdWW_Rfe|3
W_po_R_po_R_PodWR_PodRR_Fre_Fence_rw_rwdWW_Coe|1
W_po_R_po_R_PodWR_PodRR_Fre_Fence_rw_rwdWW_Coe|2
R_po_W_PodRW_Coe_Fence_rw_rwdWW_Rfe|1
R_po_W_PodRW_Coe_Fence_rw_rwdWW_Rfe|2
R_po_W_PodRW_Coe_Fence_rw_rwdWW_Rfe|3
R_fencerelFence.rw.w_R_Fence_rw_wdRR_Fre_Fence_rw_rwdWW_Rfe|1
W_fencerelFence.r.rw_R_Fence_r_rwdWR_Fre_Fence_rw_rwdWW_Coe|1
W_fencerelFence.r.rw_R_Fence_r_rwdWR_Fre_Fence_rw_rwdWW_Coe|2
W_fencerelFence.rw.w_R_Fence_rw_wdWR_Fre_Fence_rw_rwdWW_Coe|1
W_fencerelFence.rw.w_R_Fence_rw_wdWR_Fre_Fence_rw_rwdWW_Coe|2
XLr_rmw_XSc_po_R_PosRW_PodWR_Fre_Fence_rw_rwdWW_Rfe|1
XLr_rmw_XSc_po_R_PosRW_PodWR_Fre_Fence_rw_rwdWW_Rfe|2
R_fencerelFence.w.w_W_Fence_w_wdRW_Coe_Fence_rw_rwdWW_Rfe|2
R_fencerelFence.rw.r_W_Fence_rw_rdRW_Coe_Fence_rw_rwdWW_Rfe|1
R_fencerelFence.rw.r_W_Fence_rw_rdRW_Coe_Fence_rw_rwdWW_Rfe|2
R_fencerelFence.rw.r_W_Fence_rw_rdRW_Coe_Fence_rw_rwdWW_Rfe|3
R_fencerelFence.rw.r_W_Fence_rw_rdRW_Coe_Fence_rw_rwdWW_Rfe|4
R_fencerelFence.rw.r_W_Fence_rw_rdRW_Coe_Fence_rw_rwdWW_Rfe|5
R_fencerelFence.rw.r_W_Fence_rw_rdRW_Coe_Fence_rw_rwdWW_Rfe|6
R_fencerelFence.rw.r_W_Fence_rw_rdRW_Coe_Fence_rw_rwdWW_Rfe|7
R_fencerelFence.rw.r_W_Fence_rw_rdRW_Coe_Fence_rw_rwdWW_Rfe|8
R_fencerelFence.rw.r_W_Fence_rw_rdRW_Coe_Fence_rw_rwdWW_Rfe|9
R_fencerelFence.rw.r_W_Fence_rw_rdRW_Coe_Fence_rw_rwdWW_Rfe|10
R_fencerelFence.rw.r_W_Fence_rw_rdRW_Coe_Fence_rw_rwdWW_Rfe|11
R_fencerelFence.rw.r_W_Fence_rw_rdRW_Coe_Fence_rw_rwdWW_Rfe|12
R_fencerelFence.w.w_R_Fence_w_wdRR_Fre_Fence_rw_rwdWW_Rfe|1
W_po_loc_R_PosWR_DpAddrdW_Coe_Fence_rw_rwdWW_Coe|1
W_po_loc_R_PosWR_DpAddrdW_Coe_Fence_rw_rwdWW_Coe|2
XLr_ctrl_R_DpCtrldR_Fre_Fence_rw_rwdWW_Rfe|1
W_po_R_PodWR_Fre_Fence_rw_rwdWW_Coe|3
W_po_R_PodWR_Fre_Fence_rw_rwdWW_Coe|4
W_po_W_PodWW_Coe_Fence_rw_rwdWW_Coe|3
W_po_W_PodWW_Coe_Fence_rw_rwdWW_Coe|4
XLr_po_R_PodRR_Fre_Fence_rw_rwdWW_Rfe|1
W_fencerelFence.rw.r_W_Fence_rw_rdWW_Coe_Fence_rw_rwdWW_Coe|1
W_fencerelFence.rw.r_W_Fence_rw_rdWW_Coe_Fence_rw_rwdWW_Coe|2
W_rfi_XLr_Rfi_PodRW_Coe_Fence_rw_rwdWW_Coe|1
W_rfi_XLr_Rfi_PodRW_Coe_Fence_rw_rwdWW_Coe|2
W_po_AMO_PodWR_LxSx_Coe_Fence_rw_rwdWW_Coe|1
W_po_AMO_PodWR_LxSx_Coe_Fence_rw_rwdWW_Coe|2
R_ctrl_R_DpCtrldR_Fre_Fence_rw_rwdWW_Rfe|1
W_po_XLr_PodWR_Fre_Fence_rw_rwdWW_Coe|3
W_po_XLr_PodWR_Fre_Fence_rw_rwdWW_Coe|4
R_fencerelFence.w.r_W_Fence_w_rdRW_Coe_Fence_rw_rwdWW_Rfe|1
R_fencerelFence.w.r_W_Fence_w_rdRW_Coe_Fence_rw_rwdWW_Rfe|2
R_fencerelFence.w.r_W_Fence_w_rdRW_Coe_Fence_rw_rwdWW_Rfe|3
W_rfi_R_Rfi_DpAddrdW_Coe_Fence_rw_rwdWW_Coe|4
W_rfi_R_Rfi_DpAddrdW_Coe_Fence_rw_rwdWW_Coe|5
W_rfi_R_Rfi_DpAddrdW_Coe_Fence_rw_rwdWW_Coe|6
W_fencerelFence.r.r_W_Fence_r_rdWW_Coe_Fence_rw_rwdWW_Coe|1
W_fencerelFence.r.r_W_Fence_r_rdWW_Coe_Fence_rw_rwdWW_Coe|2
W_fencerelFence.w.r_W_Fence_w_rdWW_Coe_Fence_rw_rwdWW_Coe|1
W_fencerelFence.w.r_W_Fence_w_rdWW_Coe_Fence_rw_rwdWW_Coe|2
W_po_loc_XLr_PosWR_PodRW_Coe_Fence_rw_rwdWW_Coe|1
W_po_loc_XLr_PosWR_PodRW_Coe_Fence_rw_rwdWW_Coe|2
R_fencerelFence.w.rw_R_Fence_w_rwdRR_Fre_Fence_rw_rwdWW_Rfe|1
R_fencerelFence.w.rw_W_Fence_w_rwdRW_Coe_Fence_rw_rwdWW_Rfe|1
R_fencerelFence.w.rw_W_Fence_w_rwdRW_Coe_Fence_rw_rwdWW_Rfe|2
R_fencerelFence.w.rw_W_Fence_w_rwdRW_Coe_Fence_rw_rwdWW_Rfe|3
AMO_po_W_LxSx_PodWW_Coe_Fence_rw_rwdWW_Rfe|1
AMO_po_W_LxSx_PodWW_Coe_Fence_rw_rwdWW_Rfe|2
W_fencerelFence.w.w_R_Fence_w_wdWR_Fre_Fence_rw_rwdWW_Coe|1
W_fencerelFence.w.w_R_Fence_w_wdWR_Fre_Fence_rw_rwdWW_Coe|2
R_po_AQ_PodRRPAq_LxSx_Coe_Fence_rw_rwdWW_Rfe|1
2+2W|1
LB|1
SB|1
SB|2
MP|1
R|1
R|2
S|1
ISA2|1
2+2W|2
LB|2
2+2W|3
LB|3
SB|3
SB|4
MP|2
R|3
R|4
S|2
2+2W|4
LB|4
SB|5
SB|6
MP|3
R|5
R|6
S|3
ISA2|2
RWC|1
RWC|2
WRC|1
PPO12-2|1
PPOCA|1
R_fencerelFence.r.r_W_Fence_r_rdRW_Coe_Fence_rw_rwdWW_Rfe|1
R_fencerelFence.r.r_W_Fence_r_rdRW_Coe_Fence_rw_rwdWW_Rfe|2
R_fencerelFence.r.r_W_Fence_r_rdRW_Coe_Fence_rw_rwdWW_Rfe|3
R_fencerelFence.r.w_R_Fence_r_wdRR_Fre_Fence_rw_rwdWW_Rfe|1
W_fencerelFence.r.w_W_Fence_r_wdWW_Coe_Fence_rw_rwdWW_Coe|1
W_fencerelFence.r.w_W_Fence_r_wdWW_Coe_Fence_rw_rwdWW_Coe|2
W_fencerelFence.r.w_R_Fence_r_wdWR_Fre_Fence_rw_rwdWW_Coe|1
W_fencerelFence.r.w_R_Fence_r_wdWR_Fre_Fence_rw_rwdWW_Coe|2
2+2W|5
LB|5
SB|7
SB|8
MP|4
2+2W|6
LB|6
SB|9
SB|10
MP|5
R|7
R|8
S|4
ISA2|3
WRC|2
PPO12-2|2
PPOCA|2
