[INFO] cmd: eval $(opam env); herd7 /home/whq/Desktop/code_list/slide/src/slide/../output/complete_litmus/R_fencerelFence.rw.r_W_Fence_rw_rdRW_Coe_Fence_rw_rwdWW_Rfe.litmus -model /home/whq/Desktop/code_list/slide/src/slide/../../tests/input/CAT/riscv-complete.cat, time cost: 1.6689300537109375e-06

Test R_fencerelFence.rw.r_W_Fence_rw_rdRW_Coe_Fence_rw_rwdWW_Rfe Allowed
States 4
0:x5=0; 0:x9=1;
0:x5=0; 0:x9=2;
0:x5=1; 0:x9=1;
0:x5=1; 0:x9=2;
Ok
Witnesses
Positive: 1 Negative: 4
Condition exists (0:x9=2 /\ 0:x5=1)
Observation R_fencerelFence.rw.r_W_Fence_rw_rdRW_Coe_Fence_rw_rwdWW_Rfe Sometimes 1 4
Time R_fencerelFence.rw.r_W_Fence_rw_rdRW_Coe_Fence_rw_rwdWW_Rfe 0.00
Hash=ec607c7a456f46a037ee820d166600a7

[INFO] cmd: eval $(opam env); herd7 /home/whq/Desktop/code_list/slide/src/slide/../output/complete_litmus/XLr_ctrl_R_DpCtrldR_Fre_Fence_rw_rwdWW_Rfe.litmus -model /home/whq/Desktop/code_list/slide/src/slide/../../tests/input/CAT/riscv-complete.cat, time cost: 2.1457672119140625e-06

Test XLr_ctrl_R_DpCtrldR_Fre_Fence_rw_rwdWW_Rfe Allowed
States 4
0:x5=0; 0:x7=0;
0:x5=0; 0:x7=1;
0:x5=1; 0:x7=0;
0:x5=1; 0:x7=1;
Ok
Witnesses
Positive: 1 Negative: 3
Condition exists (0:x5=1 /\ 0:x7=0)
Observation XLr_ctrl_R_DpCtrldR_Fre_Fence_rw_rwdWW_Rfe Sometimes 1 3
Time XLr_ctrl_R_DpCtrldR_Fre_Fence_rw_rwdWW_Rfe 0.00
Hash=3bcb6378208f50585e060c71eb8e1368

[INFO] cmd: eval $(opam env); herd7 /home/whq/Desktop/code_list/slide/src/slide/../output/complete_litmus/XLr_po_R_PodRR_Fre_Fence_rw_rwdWW_Rfe.litmus -model /home/whq/Desktop/code_list/slide/src/slide/../../tests/input/CAT/riscv-complete.cat, time cost: 3.0994415283203125e-06

Test XLr_po_R_PodRR_Fre_Fence_rw_rwdWW_Rfe Allowed
States 4
0:x5=0; 0:x7=0;
0:x5=0; 0:x7=1;
0:x5=1; 0:x7=0;
0:x5=1; 0:x7=1;
Ok
Witnesses
Positive: 1 Negative: 3
Condition exists (0:x5=1 /\ 0:x7=0)
Observation XLr_po_R_PodRR_Fre_Fence_rw_rwdWW_Rfe Sometimes 1 3
Time XLr_po_R_PodRR_Fre_Fence_rw_rwdWW_Rfe 0.00
Hash=66fd3f056ba4a1901d8ace508c671510

[INFO] cmd: eval $(opam env); herd7 /home/whq/Desktop/code_list/slide/src/slide/../output/complete_litmus/W_fencerelFence.rw.r_W_Fence_rw_rdWW_Coe_Fence_rw_rwdWW_Coe.litmus -model /home/whq/Desktop/code_list/slide/src/slide/../../tests/input/CAT/riscv-complete.cat, time cost: 2.384185791015625e-06

Test W_fencerelFence.rw.r_W_Fence_rw_rdWW_Coe_Fence_rw_rwdWW_Coe Allowed
States 4
0:x9=1; 1:x9=1;
0:x9=1; 1:x9=2;
0:x9=2; 1:x9=1;
0:x9=2; 1:x9=2;
Ok
Witnesses
Positive: 1 Negative: 6
Condition exists (0:x9=2 /\ 1:x9=2)
Observation W_fencerelFence.rw.r_W_Fence_rw_rdWW_Coe_Fence_rw_rwdWW_Coe Sometimes 1 6
Time W_fencerelFence.rw.r_W_Fence_rw_rdWW_Coe_Fence_rw_rwdWW_Coe 0.01
Hash=04a7d76758a3c6c34d94404f0802bcc0

[INFO] cmd: eval $(opam env); herd7 /home/whq/Desktop/code_list/slide/src/slide/../output/complete_litmus/R_fencerelFence.w.r_W_Fence_w_rdRW_Coe_Fence_rw_rwdWW_Rfe.litmus -model /home/whq/Desktop/code_list/slide/src/slide/../../tests/input/CAT/riscv-complete.cat, time cost: 3.0994415283203125e-06

Test R_fencerelFence.w.r_W_Fence_w_rdRW_Coe_Fence_rw_rwdWW_Rfe Allowed
States 4
0:x5=0; 0:x9=1;
0:x5=0; 0:x9=2;
0:x5=1; 0:x9=1;
0:x5=1; 0:x9=2;
Ok
Witnesses
Positive: 1 Negative: 5
Condition exists (0:x9=2 /\ 0:x5=1)
Observation R_fencerelFence.w.r_W_Fence_w_rdRW_Coe_Fence_rw_rwdWW_Rfe Sometimes 1 5
Time R_fencerelFence.w.r_W_Fence_w_rdRW_Coe_Fence_rw_rwdWW_Rfe 0.01
Hash=db322325726adac58749c7607881eb2c

[INFO] cmd: eval $(opam env); herd7 /home/whq/Desktop/code_list/slide/src/slide/../output/complete_litmus/W_fencerelFence.r.r_W_Fence_r_rdWW_Coe_Fence_rw_rwdWW_Coe.litmus -model /home/whq/Desktop/code_list/slide/src/slide/../../tests/input/CAT/riscv-complete.cat, time cost: 2.384185791015625e-06

Test W_fencerelFence.r.r_W_Fence_r_rdWW_Coe_Fence_rw_rwdWW_Coe Allowed
States 4
0:x9=1; 1:x9=1;
0:x9=1; 1:x9=2;
0:x9=2; 1:x9=1;
0:x9=2; 1:x9=2;
Ok
Witnesses
Positive: 1 Negative: 8
Condition exists (0:x9=2 /\ 1:x9=2)
Observation W_fencerelFence.r.r_W_Fence_r_rdWW_Coe_Fence_rw_rwdWW_Coe Sometimes 1 8
Time W_fencerelFence.r.r_W_Fence_r_rdWW_Coe_Fence_rw_rwdWW_Coe 0.01
Hash=46aa06f95f2c3fbf4ce4fcc4bc909489

[INFO] cmd: eval $(opam env); herd7 /home/whq/Desktop/code_list/slide/src/slide/../output/complete_litmus/W_fencerelFence.w.r_W_Fence_w_rdWW_Coe_Fence_rw_rwdWW_Coe.litmus -model /home/whq/Desktop/code_list/slide/src/slide/../../tests/input/CAT/riscv-complete.cat, time cost: 1.9073486328125e-06

Test W_fencerelFence.w.r_W_Fence_w_rdWW_Coe_Fence_rw_rwdWW_Coe Allowed
States 4
0:x9=1; 1:x9=1;
0:x9=1; 1:x9=2;
0:x9=2; 1:x9=1;
0:x9=2; 1:x9=2;
Ok
Witnesses
Positive: 1 Negative: 6
Condition exists (0:x9=2 /\ 1:x9=2)
Observation W_fencerelFence.w.r_W_Fence_w_rdWW_Coe_Fence_rw_rwdWW_Coe Sometimes 1 6
Time W_fencerelFence.w.r_W_Fence_w_rdWW_Coe_Fence_rw_rwdWW_Coe 0.01
Hash=ba274a39989eca8e99e3eefbc42373aa

[INFO] cmd: eval $(opam env); herd7 /home/whq/Desktop/code_list/slide/src/slide/../output/complete_litmus/R_fencerelFence.w.rw_W_Fence_w_rwdRW_Coe_Fence_rw_rwdWW_Rfe.litmus -model /home/whq/Desktop/code_list/slide/src/slide/../../tests/input/CAT/riscv-complete.cat, time cost: 2.384185791015625e-06

Test R_fencerelFence.w.rw_W_Fence_w_rwdRW_Coe_Fence_rw_rwdWW_Rfe Allowed
States 4
0:x5=0; 0:x9=1;
0:x5=0; 0:x9=2;
0:x5=1; 0:x9=1;
0:x5=1; 0:x9=2;
Ok
Witnesses
Positive: 1 Negative: 5
Condition exists (0:x9=2 /\ 0:x5=1)
Observation R_fencerelFence.w.rw_W_Fence_w_rwdRW_Coe_Fence_rw_rwdWW_Rfe Sometimes 1 5
Time R_fencerelFence.w.rw_W_Fence_w_rwdRW_Coe_Fence_rw_rwdWW_Rfe 0.00
Hash=724496f1b7d3d0f35c50f3d29e5457fe

[INFO] cmd: eval $(opam env); herd7 /home/whq/Desktop/code_list/slide/src/slide/../output/complete_litmus/litmus_name.litmus -model /home/whq/Desktop/code_list/slide/src/slide/../../tests/input/CAT/riscv-complete.cat, time cost: 2.86102294921875e-06

Test XLr_ctrl_R_DpCtrldR_Fre_Fence_rw_rwdWW_Rfe Allowed
States 4
0:x5=0; 0:x7=0;
0:x5=0; 0:x7=1;
0:x5=1; 0:x7=0;
0:x5=1; 0:x7=1;
Ok
Witnesses
Positive: 1 Negative: 3
Condition exists (0:x5=1 /\ 0:x7=0)
Observation XLr_ctrl_R_DpCtrldR_Fre_Fence_rw_rwdWW_Rfe Sometimes 1 3
Time XLr_ctrl_R_DpCtrldR_Fre_Fence_rw_rwdWW_Rfe 0.00
Hash=3bcb6378208f50585e060c71eb8e1368

[INFO] cmd: eval $(opam env); herd7 /home/whq/Desktop/code_list/slide/src/slide/../output/complete_litmus/XLr_po_XLr_PodRR_Fre_Fence_rw_rwdWW_Rfe.litmus -model /home/whq/Desktop/code_list/slide/src/slide/../../tests/input/CAT/riscv-complete.cat, time cost: 2.384185791015625e-06

Test XLr_po_XLr_PodRR_Fre_Fence_rw_rwdWW_Rfe Allowed
States 4
0:x5=0; 0:x7=0;
0:x5=0; 0:x7=1;
0:x5=1; 0:x7=0;
0:x5=1; 0:x7=1;
Ok
Witnesses
Positive: 1 Negative: 3
Condition exists (0:x5=1 /\ 0:x7=0)
Observation XLr_po_XLr_PodRR_Fre_Fence_rw_rwdWW_Rfe Sometimes 1 3
Time XLr_po_XLr_PodRR_Fre_Fence_rw_rwdWW_Rfe 0.00
Hash=29a9b3b45d82f66ff1ea430f8b694b83

[INFO] total time cost: 0.338376
