SB+fence.r.rws
MP+fence.rw.ws
R+fence.rw.ws
MP+fence.w.w+fence.rw.w
2+2W+fence.r.rw+fence.rw.rw
S+fence.rw.rw+fence.w.w
R_fencerelFence.r.w_R_Fence_r_wdRR_Fre_Fence_rw_rwdWW_Rfe
2+2W+fence.r.rw+fence.w.w
S+fence.w.ws
R+fence.w.w+fence.r.rw
R+fence.w.w+fence.rw.w
S+fence.r.rw+fence.rw.rw
LB+fence.w.w+fence.rw.w
R+fence.r.rw+fence.rw.rw
MP+fence.rw.rw+fence.rw.w
S+fence.r.rws
LB+fence.w.w+fence.rw.rw
2+2W+fence.r.rws
SB+fence.rw.w+fence.rw.rw
MP+fence.w.ws
S+fence.rw.w+fence.w.w
R_fencerelFence.w.rw_R_Fence_w_rwdRR_Fre_Fence_rw_rwdWW_Rfe
R+fence.w.ws
R+fence.rw.w+fence.w.w
R+fence.rw.rw+fence.w.w
MP+fence.rw.w+fence.w.w
R_fencerelFence.rw.w_R_Fence_rw_wdRR_Fre_Fence_rw_rwdWW_Rfe
SB+fence.w.w+fence.rw.rw
SB+fence.r.rw+fence.rw.rw
MP+fence.r.rws
R+fence.rw.rw+fence.rw.w
LB+fence.r.rw+fence.w.w
LB+fence.w.ws
MP+fence.rw.rw+fence.w.w
MP+fence.r.rw+fence.rw.rw
MP+fence.rw.rw+ctrlfence.w.r
2+2W+fence.r.rw+fence.rw.w
R+fence.rw.w+fence.r.rw
SB+fence.rw.ws
S+fence.r.rw+fence.rw.w
SB+fence.w.ws
R+fence.rw.rw+fence.r.rw
R_fencerelFence.w.w_R_Fence_w_wdRR_Fre_Fence_rw_rwdWW_Rfe
R_fencerelFence.w.r_R_Fence_w_rdRR_Fre_Fence_rw_rwdWW_Rfe
R+fence.w.w+fence.tso
LB+fence.w.w+addr
S+fence.r.rw+addr
LB+fence.w.w+data
MP+fence.r.rw+addr
LB+fence.w.w+ctrl
S+fence.r.rw+ctrl
S+fence.r.rw+data
W_fencerelFence.r.rw_R_Fence_r_rwdWR_Fre_Fence_rw_rwdWW_Coe
W_fencerelFence.w.w_R_Fence_w_wdWR_Fre_Fence_rw_rwdWW_Coe
R_fencerelFence.w.r_W_Fence_w_rdRW_Coe_Fence_rw_rwdWW_Rfe
W_fencerelFence.r.r_R_Fence_r_rdWR_Fre_Fence_rw_rwdWW_Coe
R_fencerelFence.w.w_W_Fence_w_wdRW_Coe_Fence_rw_rwdWW_Rfe
R_fencerelFence.w.rw_W_Fence_w_rwdRW_Coe_Fence_rw_rwdWW_Rfe
R_fencerelFence.r.r_W_Fence_r_rdRW_Coe_Fence_rw_rwdWW_Rfe
W_fencerelFence.r.w_R_Fence_r_wdWR_Fre_Fence_rw_rwdWW_Coe
W_fencerelFence.rw.w_R_Fence_rw_wdWR_Fre_Fence_rw_rwdWW_Coe
R_fencerelFence.rw.r_W_Fence_rw_rdRW_Coe_Fence_rw_rwdWW_Rfe
R+fence.tsos
SB+fence.tsos
R_addr_W_po_R_DpAddrdW_PodWR_Fre_Fence_rw_rwdWW_Rfe
R_addr_R_ctrl_R_DpAddrdR_DpCtrldR_Fre_Fence_rw_rwdWW_Rfe
R_addr_R_po_R_DpAddrdR_PodRR_Fre_Fence_rw_rwdWW_Rfe
W_fencerelFence.tso_R_Fence_tsodWR_Fre_Fence_rw_rwdWW_Coe
ISA02
W_fencerelFence.w.r_W_Fence_w_rdWW_Coe_Fence_rw_rwdWW_Coe
RSW
SB+rfi-fence.r.rs
W_fencerelFence.r.r_W_Fence_r_rdWW_Coe_Fence_rw_rwdWW_Coe
W_fencerelFence.r.w_W_Fence_r_wdWW_Coe_Fence_rw_rwdWW_Coe
W_fencerelFence.r.rw_W_Fence_r_rwdWW_Coe_Fence_rw_rwdWW_Coe
W_fencerelFence.rw.r_W_Fence_rw_rdWW_Coe_Fence_rw_rwdWW_Coe
R_addr_R_po_XLr_DpAddrdR_PodRR_Fre_Fence_rw_rwdWW_Rfe
XLr_addr_W_po_R_DpAddrdW_PodWR_Fre_Fence_rw_rwdWW_Rfe
R_addr_W_po_XLr_DpAddrdW_PodWR_Fre_Fence_rw_rwdWW_Rfe
R_addr_XLr_ctrl_R_DpAddrdR_DpCtrldR_Fre_Fence_rw_rwdWW_Rfe
XLr_addr_R_po_R_DpAddrdR_PodRR_Fre_Fence_rw_rwdWW_Rfe
XLr_addr_R_ctrl_R_DpAddrdR_DpCtrldR_Fre_Fence_rw_rwdWW_Rfe
R_addr_R_ctrl_XLr_DpAddrdR_DpCtrldR_Fre_Fence_rw_rwdWW_Rfe
R_addr_XLr_po_R_DpAddrdR_PodRR_Fre_Fence_rw_rwdWW_Rfe
SB+fence.rw.rw+ctrlfence.r.r
R_addr_XLr_po_XLr_DpAddrdR_PodRR_Fre_Fence_rw_rwdWW_Rfe
XLr_addr_W_po_XLr_DpAddrdW_PodWR_Fre_Fence_rw_rwdWW_Rfe
XLr_addr_R_po_XLr_DpAddrdR_PodRR_Fre_Fence_rw_rwdWW_Rfe
XLr_addr_XLr_ctrl_R_DpAddrdR_DpCtrldR_Fre_Fence_rw_rwdWW_Rfe
XLr_addr_XLr_po_R_DpAddrdR_PodRR_Fre_Fence_rw_rwdWW_Rfe
R_addr_XLr_ctrl_XLr_DpAddrdR_DpCtrldR_Fre_Fence_rw_rwdWW_Rfe
XLr_addr_R_ctrl_XLr_DpAddrdR_DpCtrldR_Fre_Fence_rw_rwdWW_Rfe
R+fence.tsopx+fence.tso
SB+fence.tso+fence.tsoxp
2+2W+fence.tso+fence.tsopx
R+fence.tsoxp+fence.tso
R+fence.tso+fence.tsopx
SB+fence.tso+fence.tsopx
XLr_addr_XLr_ctrl_XLr_DpAddrdR_DpCtrldR_Fre_Fence_rw_rwdWW_Rfe
XLr_addr_XLr_po_XLr_DpAddrdR_PodRR_Fre_Fence_rw_rwdWW_Rfe
SB+fence.tso+fence.tsoxx
R+fence.tsoxx+fence.tso
R+fence.tsopx+fence.tsoxp
SB+fence.tsoxps
SB+fence.tsopxs
2+2W+fence.tsopx+fence.tsoxp
SB+fence.tsopx+fence.tsoxp
R+fence.tsoxp+fence.tsopx
R+fence.tsopxs
2+2W+fence.tsopxs
SB+fence.tsopx+fence.tsoxx
R+fence.tsoxx+fence.tsopx
SB+fence.tsoxp+fence.tsoxx
2+2W+fence.tsopx+fence.tsoxx
R+fence.tsopx+fence.tsoxx
R+fence.tsoxx+fence.tsoxp
R+fence.tsoxxs
2+2W+fence.tsoxxs
SB+fence.tsoxxs
