R_addr_R_ctrl_R_DpAddrdR_DpCtrldR_Fre_Fence_rw_rwdWW_Rfe
R_addr_W_po_R_DpAddrdW_PodWR_Fre_Fence_rw_rwdWW_Rfe
R_data_W_po_R_DpDatadW_PodWR_Fre_Fence_rw_rwdWW_Rfe
R_addr_R_po_R_DpAddrdR_PodRR_Fre_Fence_rw_rwdWW_Rfe
RSW
R_data_W_po_XLr_DpDatadW_PodWR_Fre_Fence_rw_rwdWW_Rfe
XLr_addr_R_ctrl_R_DpAddrdR_DpCtrldR_Fre_Fence_rw_rwdWW_Rfe
XLr_data_W_po_R_DpDatadW_PodWR_Fre_Fence_rw_rwdWW_Rfe
R_addr_R_po_XLr_DpAddrdR_PodRR_Fre_Fence_rw_rwdWW_Rfe
R_addr_R_ctrl_XLr_DpAddrdR_DpCtrldR_Fre_Fence_rw_rwdWW_Rfe
XLr_addr_R_po_R_DpAddrdR_PodRR_Fre_Fence_rw_rwdWW_Rfe
XLr_addr_W_po_R_DpAddrdW_PodWR_Fre_Fence_rw_rwdWW_Rfe
R_addr_XLr_po_R_DpAddrdR_PodRR_Fre_Fence_rw_rwdWW_Rfe
R_addr_W_po_XLr_DpAddrdW_PodWR_Fre_Fence_rw_rwdWW_Rfe
R_addr_XLr_ctrl_R_DpAddrdR_DpCtrldR_Fre_Fence_rw_rwdWW_Rfe
R_data_W_po_AQ_DpDatadW_PodWRPAq_Rmw_Coe_Fence_rw_rwdWW_Rfe
R_data_W_po_AMO_DpDatadW_PodWR_Rmw_Coe_Fence_rw_rwdWW_Rfe
XLr_addr_XLr_po_R_DpAddrdR_PodRR_Fre_Fence_rw_rwdWW_Rfe
R_addr_XLr_ctrl_XLr_DpAddrdR_DpCtrldR_Fre_Fence_rw_rwdWW_Rfe
R_addr_XLr_po_XLr_DpAddrdR_PodRR_Fre_Fence_rw_rwdWW_Rfe
XLr_addr_W_po_XLr_DpAddrdW_PodWR_Fre_Fence_rw_rwdWW_Rfe
XLr_data_W_po_XLr_DpDatadW_PodWR_Fre_Fence_rw_rwdWW_Rfe
XLr_addr_R_po_XLr_DpAddrdR_PodRR_Fre_Fence_rw_rwdWW_Rfe
XLr_addr_R_ctrl_XLr_DpAddrdR_DpCtrldR_Fre_Fence_rw_rwdWW_Rfe
XLr_addr_XLr_ctrl_R_DpAddrdR_DpCtrldR_Fre_Fence_rw_rwdWW_Rfe
XLr_data_W_po_AMO_DpDatadW_PodWR_Rmw_Coe_Fence_rw_rwdWW_Rfe
XLr_data_W_po_AQ_DpDatadW_PodWRPAq_Rmw_Coe_Fence_rw_rwdWW_Rfe
XLr_addr_XLr_ctrl_XLr_DpAddrdR_DpCtrldR_Fre_Fence_rw_rwdWW_Rfe
XLr_addr_XLr_po_XLr_DpAddrdR_PodRR_Fre_Fence_rw_rwdWW_Rfe
S+fence.rw.rw+poxx
LB+fence.rw.rw+poxx
LB+data+poxx
LB+addr+poxx
LB+ctrl+poxx
LB+poxxs
