LB+fence.w.w+fence.rw.rw
LB+fence.w.w+fence.rw.w
S+fence.rw.w+fence.w.w
S+fence.rw.rw+fence.w.w
S+fence.w.ws
LB+fence.r.rw+fence.w.w
LB+fence.w.ws
LB+fence.rw.w+po
LB+fence.rw.rw+po
LB+fence.w.w+addr
S+fence.w.w+po
LB+fence.w.w+ctrl
S+fence.rw.rw+po
LB+fence.r.rw+po
LB+fence.w.w+data
S+fence.rw.w+po
R_fencerelFence.w.w_W_Fence_w_wdRW_Coe_Fence_rw_rwdWW_Rfe
R_fencerelFence.w.rw_W_Fence_w_rwdRW_Coe_Fence_rw_rwdWW_Rfe
R_fencerelFence.w.r_W_Fence_w_rdRW_Coe_Fence_rw_rwdWW_Rfe
R_fencerelFence.r.r_W_Fence_r_rdRW_Coe_Fence_rw_rwdWW_Rfe
R_fencerelFence.rw.r_W_Fence_rw_rdRW_Coe_Fence_rw_rwdWW_Rfe
LB+ctrl+po
LB+data+po
LB
R_addr_W_po_R_DpAddrdW_PodWR_Fre_Fence_rw_rwdWW_Rfe
R_addr_R_ctrl_R_DpAddrdR_DpCtrldR_Fre_Fence_rw_rwdWW_Rfe
R_addr_R_po_R_DpAddrdR_PodRR_Fre_Fence_rw_rwdWW_Rfe
R_po_W_PodRW_Coe_Fence_rw_rwdWW_Rfe
LB+fence.r.rw+data-po
R_po_W_po_loc_R_PodRW_PosWR_Fre_Fence_rw_rwdWW_Rfe
R_data_W_po_W_DpDatadW_PodWW_Coe_Fence_rw_rwdWW_Rfe
S+fence.w.w+fri-rfi-ctrl+REAL
LB+fence.rw.rw+fri-rfi-ctrl
R_po_loc_R_po_W_PosRR_PodRW_Coe_Fence_rw_rwdWW_Rfe
R_po_W_po_loc_W_PodRW_PosWW_Coe_Fence_rw_rwdWW_Rfe
S+fence.rw.rw+fri-rfi-data
R_fri_W_po_W_Fri_PodWW_Coe_Fence_rw_rwdWW_Rfe
LB+fence.rw.rw+fri-rfi-data
R_po_R_po_W_PodRR_PodRW_Coe_Fence_rw_rwdWW_Rfe
RSW
R_po_R_data_W_PodRR_DpDatadW_Coe_Fence_rw_rwdWW_Rfe
S+fence.rw.rw+fri-rfi-ctrl
R_po_W_rfi_R_PodRW_Rfi_Fre_Fence_rw_rwdWW_Rfe
R_po_R_ctrl_W_PodRR_DpCtrldW_Coe_Fence_rw_rwdWW_Rfe
R_po_R_fri_W_PodRR_Fri_Coe_Fence_rw_rwdWW_Rfe
R_rsw_R_po_W_PosRR_PodRW_Coe_Fence_rw_rwdWW_Rfe
R_po_R_addr_W_PodRR_DpAddrdW_Coe_Fence_rw_rwdWW_Rfe
R_po_loc_W_po_W_PosRW_PodWW_Coe_Fence_rw_rwdWW_Rfe
R_po_R_po_loc_W_PodRR_PosRW_Coe_Fence_rw_rwdWW_Rfe
R_po_W_po_W_PodRW_PodWW_Coe_Fence_rw_rwdWW_Rfe
LB+fence.rw.rw+fri-rfi-addr
S+fence.rw.rw+fri-rfi-addr
R_po_W_coi_W_PodRW_Coi_Coe_Fence_rw_rwdWW_Rfe
LB+addr+fri-rfi-addr
LB+ctrl+fri-rfi-data
LB+ctrl+fri-rfi-addr
LB+data+fri-rfi-ctrl
LB+data+fri-rfi-data
LB+addr+fri-rfi-ctrl
LB+ctrl+fri-rfi-ctrl
LB+addr+fri-rfi-data
LB+data+fri-rfi-addr
W_rfi_R_po_W_Rfi_PodRW_Coe_Fence_rw_rwdWW_Coe
AMO_po_W_Rmw_PodWW_Coe_Fence_rw_rwdWW_Rfe
R_po_AMO_PodRR_Rmw_Coe_Fence_rw_rwdWW_Rfe
RL_po_W_Rmw_PodWWRlP_Coe_Fence_rw_rwdWW_Rfe
R_addr_R_ctrl_XLr_DpAddrdR_DpCtrldR_Fre_Fence_rw_rwdWW_Rfe
R_po_AQ_PodRRPAq_Rmw_Coe_Fence_rw_rwdWW_Rfe
XLr_addr_W_po_R_DpAddrdW_PodWR_Fre_Fence_rw_rwdWW_Rfe
R_addr_W_po_XLr_DpAddrdW_PodWR_Fre_Fence_rw_rwdWW_Rfe
XLr_addr_R_po_R_DpAddrdR_PodRR_Fre_Fence_rw_rwdWW_Rfe
XLr_addr_R_ctrl_R_DpAddrdR_DpCtrldR_Fre_Fence_rw_rwdWW_Rfe
R_po_AQ_po_R_PodRRPAq_Rmw_PodWR_Fre_Fence_rw_rwdWW_Rfe
R_addr_XLr_po_R_DpAddrdR_PodRR_Fre_Fence_rw_rwdWW_Rfe
R_addr_R_po_XLr_DpAddrdR_PodRR_Fre_Fence_rw_rwdWW_Rfe
XLr_po_W_PodRW_Coe_Fence_rw_rwdWW_Rfe
R_addr_XLr_ctrl_R_DpAddrdR_DpCtrldR_Fre_Fence_rw_rwdWW_Rfe
LB+po+poarp+NEW
S+popar+po+NEW
LB+po+poaqp+NEW
LB+po+popar+NEW
S+poprl+po+NEW
S+porlp+po+NEW
LB+po+poprl+NEW
S+poarp+po+NEW
AMO_rfi_R_po_W_Rmw_Rfi_PodRW_Coe_Fence_rw_rwdWW_Rfe
R_po_XLr_po_W_PodRR_PodRW_Coe_Fence_rw_rwdWW_Rfe
R_po_AMO_po_loc_R_PodRR_Rmw_PosWR_Fre_Fence_rw_rwdWW_Rfe
R_po_W_po_loc_XLr_PodRW_PosWR_Fre_Fence_rw_rwdWW_Rfe
AMO_po_R_ctrl_W_Rmw_PodWR_DpCtrldW_Coe_Fence_rw_rwdWW_Rfe
R_po_XLr_po_loc_W_PodRR_PosRW_Coe_Fence_rw_rwdWW_Rfe
XLr_po_R_ctrl_W_PodRR_DpCtrldW_Coe_Fence_rw_rwdWW_Rfe
RL_po_W_po_loc_W_Rmw_PodWWRlP_PosWW_Coe_Fence_rw_rwdWW_Rfe
AMO_po_R_addr_W_Rmw_PodWR_DpAddrdW_Coe_Fence_rw_rwdWW_Rfe
R_po_loc_R_po_AMO_PosRR_PodRR_Rmw_Coe_Fence_rw_rwdWW_Rfe
RL_po_R_data_W_Rmw_PodWRRlP_DpDatadW_Coe_Fence_rw_rwdWW_Rfe
R_po_W_rfi_XLr_PodRW_Rfi_Fre_Fence_rw_rwdWW_Rfe
AMO_po_loc_W_po_W_Rmw_PosWW_PodWW_Coe_Fence_rw_rwdWW_Rfe
XLr_po_loc_W_po_W_PosRW_PodWW_Coe_Fence_rw_rwdWW_Rfe
R_po_XLr_ctrl_W_PodRR_DpCtrldW_Coe_Fence_rw_rwdWW_Rfe
RL_po_W_coi_W_Rmw_PodWWRlP_Coi_Coe_Fence_rw_rwdWW_Rfe
R_po_AQ_po_loc_R_PodRRPAq_Rmw_PosWR_Fre_Fence_rw_rwdWW_Rfe
R_po_W_po_AQ_PodRW_PodWRPAq_Rmw_Coe_Fence_rw_rwdWW_Rfe
R_po_R_ctrl_AQ_PodRR_DpCtrldRPAq_Rmw_Coe_Fence_rw_rwdWW_Rfe
R_po_R_po_AQ_PodRR_PodRRPAq_Rmw_Coe_Fence_rw_rwdWW_Rfe
R_po_R_po_AMO_PodRR_PodRR_Rmw_Coe_Fence_rw_rwdWW_Rfe
XLr_po_R_data_W_PodRR_DpDatadW_Coe_Fence_rw_rwdWW_Rfe
XLr_po_loc_R_po_W_PosRR_PodRW_Coe_Fence_rw_rwdWW_Rfe
R_po_AQ_po_loc_W_PodRRPAq_Rmw_PosWW_Coe_Fence_rw_rwdWW_Rfe
R_po_W_po_loc_AMO_PodRW_PosWR_Rmw_Coe_Fence_rw_rwdWW_Rfe
R_po_loc_W_po_AQ_PosRW_PodWRPAq_Rmw_Coe_Fence_rw_rwdWW_Rfe
AMO_po_loc_R_po_W_Rmw_PosWR_PodRW_Coe_Fence_rw_rwdWW_Rfe
R_po_loc_W_po_AMO_PosRW_PodWR_Rmw_Coe_Fence_rw_rwdWW_Rfe
R_po_W_rfi_AMO_PodRW_Rfi_Rmw_Coe_Fence_rw_rwdWW_Rfe
XLr_po_W_po_W_PodRW_PodWW_Coe_Fence_rw_rwdWW_Rfe
AMO_po_W_po_W_Rmw_PodWW_PodWW_Coe_Fence_rw_rwdWW_Rfe
R_po_AMO_po_loc_W_PodRR_Rmw_PosWW_Coe_Fence_rw_rwdWW_Rfe
AMO_po_R_po_loc_W_Rmw_PodWR_PosRW_Coe_Fence_rw_rwdWW_Rfe
XLr_fri_W_po_W_Fri_PodWW_Coe_Fence_rw_rwdWW_Rfe
XLr_po_R_addr_W_PodRR_DpAddrdW_Coe_Fence_rw_rwdWW_Rfe
AMO_po_W_rfi_R_Rmw_PodWW_Rfi_Fre_Fence_rw_rwdWW_Rfe
R_po_AQ_coi_W_PodRRPAq_Rmw_Coi_Coe_Fence_rw_rwdWW_Rfe
RL_po_R_po_loc_W_Rmw_PodWRRlP_PosRW_Coe_Fence_rw_rwdWW_Rfe
RL_po_R_fri_W_Rmw_PodWRRlP_Fri_Coe_Fence_rw_rwdWW_Rfe
R_po_loc_R_po_AQ_PosRR_PodRRPAq_Rmw_Coe_Fence_rw_rwdWW_Rfe
XLr_po_R_po_W_PodRR_PodRW_Coe_Fence_rw_rwdWW_Rfe
R_po_XLr_fri_W_PodRR_Fri_Coe_Fence_rw_rwdWW_Rfe
R_rsw_R_po_AMO_PosRR_PodRR_Rmw_Coe_Fence_rw_rwdWW_Rfe
R_po_R_po_loc_AMO_PodRR_PosRR_Rmw_Coe_Fence_rw_rwdWW_Rfe
AMO_po_R_data_W_Rmw_PodWR_DpDatadW_Coe_Fence_rw_rwdWW_Rfe
AMO_coi_W_po_W_Rmw_Coi_PodWW_Coe_Fence_rw_rwdWW_Rfe
R_rsw_R_po_AQ_PosRR_PodRRPAq_Rmw_Coe_Fence_rw_rwdWW_Rfe
RL_rfi_R_po_W_Rmw_RfiRlP_PodRW_Coe_Fence_rw_rwdWW_Rfe
R_po_R_po_loc_AQ_PodRR_PosRRPAq_Rmw_Coe_Fence_rw_rwdWW_Rfe
RL_po_loc_W_po_W_Rmw_PosWWRlP_PodWW_Coe_Fence_rw_rwdWW_Rfe
AMO_po_W_po_loc_R_Rmw_PodWW_PosWR_Fre_Fence_rw_rwdWW_Rfe
XLr_data_W_po_W_DpDatadW_PodWW_Coe_Fence_rw_rwdWW_Rfe
R_po_R_ctrl_AMO_PodRR_DpCtrldR_Rmw_Coe_Fence_rw_rwdWW_Rfe
R_po_loc_XLr_po_W_PosRR_PodRW_Coe_Fence_rw_rwdWW_Rfe
XLr_po_W_po_loc_W_PodRW_PosWW_Coe_Fence_rw_rwdWW_Rfe
RL_po_R_addr_W_Rmw_PodWRRlP_DpAddrdW_Coe_Fence_rw_rwdWW_Rfe
AMO_po_W_po_loc_W_Rmw_PodWW_PosWW_Coe_Fence_rw_rwdWW_Rfe
R_po_AQ_po_W_PodRRPAq_Rmw_PodWW_Coe_Fence_rw_rwdWW_Rfe
R_data_W_po_AMO_DpDatadW_PodWR_Rmw_Coe_Fence_rw_rwdWW_Rfe
RL_po_W_rfi_R_Rmw_PodWWRlP_Rfi_Fre_Fence_rw_rwdWW_Rfe
R_fri_W_po_AQ_Fri_PodWRPAq_Rmw_Coe_Fence_rw_rwdWW_Rfe
RL_po_W_po_W_Rmw_PodWWRlP_PodWW_Coe_Fence_rw_rwdWW_Rfe
R_po_W_po_AMO_PodRW_PodWR_Rmw_Coe_Fence_rw_rwdWW_Rfe
RL_po_R_ctrl_W_Rmw_PodWRRlP_DpCtrldW_Coe_Fence_rw_rwdWW_Rfe
XLr_po_W_rfi_R_PodRW_Rfi_Fre_Fence_rw_rwdWW_Rfe
XLr_po_W_coi_W_PodRW_Coi_Coe_Fence_rw_rwdWW_Rfe
R_po_loc_AMO_po_W_PosRR_Rmw_PodWW_Coe_Fence_rw_rwdWW_Rfe
RL_coi_W_po_W_Rmw_CoiRlP_PodWW_Coe_Fence_rw_rwdWW_Rfe
R_po_W_rfi_AQ_PodRW_RfiPAq_Rmw_Coe_Fence_rw_rwdWW_Rfe
R_fri_W_po_AMO_Fri_PodWR_Rmw_Coe_Fence_rw_rwdWW_Rfe
XLr_po_W_po_loc_R_PodRW_PosWR_Fre_Fence_rw_rwdWW_Rfe
R_po_XLr_data_W_PodRR_DpDatadW_Coe_Fence_rw_rwdWW_Rfe
XLr_po_R_fri_W_PodRR_Fri_Coe_Fence_rw_rwdWW_Rfe
R_po_XLr_addr_W_PodRR_DpAddrdW_Coe_Fence_rw_rwdWW_Rfe
AMO_po_R_po_W_Rmw_PodWR_PodRW_Coe_Fence_rw_rwdWW_Rfe
R_po_AMO_rfi_R_PodRR_Rmw_Rfi_Fre_Fence_rw_rwdWW_Rfe
RL_po_loc_R_po_W_Rmw_PosWRRlP_PodRW_Coe_Fence_rw_rwdWW_Rfe
R_po_AMO_po_W_PodRR_Rmw_PodWW_Coe_Fence_rw_rwdWW_Rfe
R_po_W_po_loc_AQ_PodRW_PosWRPAq_Rmw_Coe_Fence_rw_rwdWW_Rfe
XLr_po_R_po_loc_W_PodRR_PosRW_Coe_Fence_rw_rwdWW_Rfe
R_po_AMO_coi_W_PodRR_Rmw_Coi_Coe_Fence_rw_rwdWW_Rfe
R_data_W_po_AQ_DpDatadW_PodWRPAq_Rmw_Coe_Fence_rw_rwdWW_Rfe
AMO_po_W_coi_W_Rmw_PodWW_Coi_Coe_Fence_rw_rwdWW_Rfe
RL_po_R_po_W_Rmw_PodWRRlP_PodRW_Coe_Fence_rw_rwdWW_Rfe
AMO_po_R_fri_W_Rmw_PodWR_Fri_Coe_Fence_rw_rwdWW_Rfe
RL_po_W_po_loc_R_Rmw_PodWWRlP_PosWR_Fre_Fence_rw_rwdWW_Rfe
R_po_AQ_rfi_R_PodRRPAq_Rmw_Rfi_Fre_Fence_rw_rwdWW_Rfe
LB+addr+addrpx-poxp+VAR
R_fri_W_po_loc_XLr_Fri_PosWR_DpAddrdW_Coe_Fence_rw_rwdWW_Rfe
XLr_po_loc_W_rfi_R_PosRW_Rfi_DpAddrdW_Coe_Fence_rw_rwdWW_Rfe
AMO_po_loc_W_po_loc_R_Rmw_PosWW_PosWR_DpAddrdW_Coe_Fence_rw_rwdWW_Rfe
AMO_coi_W_rfi_R_Rmw_Coi_Rfi_DpAddrdW_Coe_Fence_rw_rwdWW_Rfe
XLr_fri_W_po_loc_R_Fri_PosWR_DpAddrdW_Coe_Fence_rw_rwdWW_Rfe
RL_po_loc_W_rfi_R_Rmw_PosWWRlP_Rfi_DpAddrdW_Coe_Fence_rw_rwdWW_Rfe
RL_po_loc_W_po_loc_R_Rmw_PosWWRlP_PosWR_DpAddrdW_Coe_Fence_rw_rwdWW_Rfe
R_fri_W_rfi_XLr_Fri_Rfi_DpAddrdW_Coe_Fence_rw_rwdWW_Rfe
R_po_loc_W_po_loc_XLr_PosRW_PosWR_DpAddrdW_Coe_Fence_rw_rwdWW_Rfe
AMO_coi_W_po_loc_R_Rmw_Coi_PosWR_DpAddrdW_Coe_Fence_rw_rwdWW_Rfe
AMO_po_loc_W_rfi_R_Rmw_PosWW_Rfi_DpAddrdW_Coe_Fence_rw_rwdWW_Rfe
RL_coi_W_po_loc_R_Rmw_CoiRlP_PosWR_DpAddrdW_Coe_Fence_rw_rwdWW_Rfe
XLr_po_loc_W_po_loc_R_PosRW_PosWR_DpAddrdW_Coe_Fence_rw_rwdWW_Rfe
XLr_fri_W_rfi_R_Fri_Rfi_DpAddrdW_Coe_Fence_rw_rwdWW_Rfe
R_po_loc_W_rfi_XLr_PosRW_Rfi_DpAddrdW_Coe_Fence_rw_rwdWW_Rfe
RL_coi_W_rfi_R_Rmw_CoiRlP_Rfi_DpAddrdW_Coe_Fence_rw_rwdWW_Rfe
LB+fri-rfi-ctrls
LB+fri-rfi-datas
LB+fri-rfi-addr+fri-rfi-data
LB+fri-rfi-data+fri-rfi-ctrl
LB+fri-rfi-addr+fri-rfi-ctrl
LB+fri-rfi-addrs
RL_po_AMO_Rmw_PodWRRlP_Rmw_Coe_Fence_rw_rwdWW_Rfe
AMO_po_AMO_Rmw_PodWR_Rmw_Coe_Fence_rw_rwdWW_Rfe
XLr_addr_XLr_ctrl_R_DpAddrdR_DpCtrldR_Fre_Fence_rw_rwdWW_Rfe
AMO_po_AQ_Rmw_PodWRPAq_Rmw_Coe_Fence_rw_rwdWW_Rfe
R_addr_XLr_ctrl_XLr_DpAddrdR_DpCtrldR_Fre_Fence_rw_rwdWW_Rfe
XLr_addr_R_ctrl_XLr_DpAddrdR_DpCtrldR_Fre_Fence_rw_rwdWW_Rfe
XLr_addr_W_po_XLr_DpAddrdW_PodWR_Fre_Fence_rw_rwdWW_Rfe
XLr_addr_XLr_po_R_DpAddrdR_PodRR_Fre_Fence_rw_rwdWW_Rfe
LB+fence.rw.rw+popx
XLr_po_AMO_PodRR_Rmw_Coe_Fence_rw_rwdWW_Rfe
XLr_po_AQ_po_R_PodRRPAq_Rmw_PodWR_Fre_Fence_rw_rwdWW_Rfe
XLr_addr_R_po_XLr_DpAddrdR_PodRR_Fre_Fence_rw_rwdWW_Rfe
S+fence.rw.rw+poxp
S+fence.rw.rw+popx
XLr_po_AQ_PodRRPAq_Rmw_Coe_Fence_rw_rwdWW_Rfe
R_addr_XLr_po_XLr_DpAddrdR_PodRR_Fre_Fence_rw_rwdWW_Rfe
AMO_po_AQ_po_R_Rmw_PodWRPAq_Rmw_PodWR_Fre_Fence_rw_rwdWW_Rfe
LB+fence.rw.rw+poxp
R_po_AQ_po_XLr_PodRRPAq_Rmw_PodWR_Fre_Fence_rw_rwdWW_Rfe
R_po_AMO_rfi_AMO_PodRR_Rmw_Rfi_Rmw_Coe_Fence_rw_rwdWW_Rfe
R_po_loc_XLr_po_AQ_PosRR_PodRRPAq_Rmw_Coe_Fence_rw_rwdWW_Rfe
RL_po_R_po_AMO_Rmw_PodWRRlP_PodRR_Rmw_Coe_Fence_rw_rwdWW_Rfe
XLr_po_XLr_ctrl_W_PodRR_DpCtrldW_Coe_Fence_rw_rwdWW_Rfe
AMO_po_XLr_po_W_Rmw_PodWR_PodRW_Coe_Fence_rw_rwdWW_Rfe
XLr_po_W_po_AQ_PodRW_PodWRPAq_Rmw_Coe_Fence_rw_rwdWW_Rfe
R_po_AQ_po_AMO_PodRRPAq_Rmw_PodWR_Rmw_Coe_Fence_rw_rwdWW_Rfe
AMO_rfi_XLr_po_W_Rmw_Rfi_PodRW_Coe_Fence_rw_rwdWW_Rfe
AMO_po_AQ_po_loc_R_Rmw_PodWRPAq_Rmw_PosWR_Fre_Fence_rw_rwdWW_Rfe
AMO_po_R_ctrl_AQ_Rmw_PodWR_DpCtrldRPAq_Rmw_Coe_Fence_rw_rwdWW_Rfe
AMO_po_XLr_data_W_Rmw_PodWR_DpDatadW_Coe_Fence_rw_rwdWW_Rfe
RL_po_XLr_po_loc_W_Rmw_PodWRRlP_PosRW_Coe_Fence_rw_rwdWW_Rfe
XLr_data_W_po_AQ_DpDatadW_PodWRPAq_Rmw_Coe_Fence_rw_rwdWW_Rfe
RL_po_loc_R_po_AMO_Rmw_PosWRRlP_PodRR_Rmw_Coe_Fence_rw_rwdWW_Rfe
AMO_rfi_R_po_AQ_Rmw_Rfi_PodRRPAq_Rmw_Coe_Fence_rw_rwdWW_Rfe
AMO_po_AQ_coi_W_Rmw_PodWRPAq_Rmw_Coi_Coe_Fence_rw_rwdWW_Rfe
R_po_XLr_po_AMO_PodRR_PodRR_Rmw_Coe_Fence_rw_rwdWW_Rfe
AMO_coi_W_po_AMO_Rmw_Coi_PodWR_Rmw_Coe_Fence_rw_rwdWW_Rfe
AMO_po_R_po_loc_AMO_Rmw_PodWR_PosRR_Rmw_Coe_Fence_rw_rwdWW_Rfe
XLr_po_XLr_addr_W_PodRR_DpAddrdW_Coe_Fence_rw_rwdWW_Rfe
R_po_AMO_po_AMO_PodRR_Rmw_PodWR_Rmw_Coe_Fence_rw_rwdWW_Rfe
XLr_po_R_po_AMO_PodRR_PodRR_Rmw_Coe_Fence_rw_rwdWW_Rfe
RL_po_XLr_po_W_Rmw_PodWRRlP_PodRW_Coe_Fence_rw_rwdWW_Rfe
RL_po_loc_W_po_AMO_Rmw_PosWWRlP_PodWR_Rmw_Coe_Fence_rw_rwdWW_Rfe
AMO_po_loc_R_po_AQ_Rmw_PosWR_PodRRPAq_Rmw_Coe_Fence_rw_rwdWW_Rfe
XLr_po_XLr_fri_W_PodRR_Fri_Coe_Fence_rw_rwdWW_Rfe
XLr_po_AQ_po_loc_W_PodRRPAq_Rmw_PosWW_Coe_Fence_rw_rwdWW_Rfe
R_po_XLr_rmw_XSc_PodRR_PosRW_Coe_Fence_rw_rwdWW_Rfe
XLr_po_AQ_coi_W_PodRRPAq_Rmw_Coi_Coe_Fence_rw_rwdWW_Rfe
XLr_fri_W_po_AMO_Fri_PodWR_Rmw_Coe_Fence_rw_rwdWW_Rfe
R_po_XLr_po_loc_AQ_PodRR_PosRRPAq_Rmw_Coe_Fence_rw_rwdWW_Rfe
XLr_po_W_rfi_XLr_PodRW_Rfi_Fre_Fence_rw_rwdWW_Rfe
XLr_po_W_po_loc_AQ_PodRW_PosWRPAq_Rmw_Coe_Fence_rw_rwdWW_Rfe
XLr_po_W_rfi_AMO_PodRW_Rfi_Rmw_Coe_Fence_rw_rwdWW_Rfe
AMO_po_loc_XLr_po_W_Rmw_PosWR_PodRW_Coe_Fence_rw_rwdWW_Rfe
AMO_po_W_po_AQ_Rmw_PodWW_PodWRPAq_Rmw_Coe_Fence_rw_rwdWW_Rfe
R_po_loc_AMO_po_AMO_PosRR_Rmw_PodWR_Rmw_Coe_Fence_rw_rwdWW_Rfe
AMO_po_W_rfi_AQ_Rmw_PodWW_RfiPAq_Rmw_Coe_Fence_rw_rwdWW_Rfe
RL_po_XLr_fri_W_Rmw_PodWRRlP_Fri_Coe_Fence_rw_rwdWW_Rfe
AMO_po_AMO_coi_W_Rmw_PodWR_Rmw_Coi_Coe_Fence_rw_rwdWW_Rfe
R_po_AQ_po_loc_XLr_PodRRPAq_Rmw_PosWR_Fre_Fence_rw_rwdWW_Rfe
AMO_po_W_po_loc_XLr_Rmw_PodWW_PosWR_Fre_Fence_rw_rwdWW_Rfe
XLr_po_loc_W_po_AQ_PosRW_PodWRPAq_Rmw_Coe_Fence_rw_rwdWW_Rfe
AMO_po_AMO_po_loc_W_Rmw_PodWR_Rmw_PosWW_Coe_Fence_rw_rwdWW_Rfe
AMO_rfi_AMO_po_W_Rmw_Rfi_Rmw_PodWW_Coe_Fence_rw_rwdWW_Rfe
XLr_po_W_po_loc_XLr_PodRW_PosWR_Fre_Fence_rw_rwdWW_Rfe
XLr_po_AMO_rfi_R_PodRR_Rmw_Rfi_Fre_Fence_rw_rwdWW_Rfe
R_po_loc_AMO_po_AQ_PosRR_Rmw_PodWRPAq_Rmw_Coe_Fence_rw_rwdWW_Rfe
XLr_rmw_XSc_po_W_PosRW_PodWW_Coe_Fence_rw_rwdWW_Rfe
XLr_po_loc_XLr_po_W_PosRR_PodRW_Coe_Fence_rw_rwdWW_Rfe
R_po_AMO_po_loc_AQ_PodRR_Rmw_PosWRPAq_Rmw_Coe_Fence_rw_rwdWW_Rfe
RL_po_loc_AMO_po_W_Rmw_PosWRRlP_Rmw_PodWW_Coe_Fence_rw_rwdWW_Rfe
RL_po_W_rfi_XLr_Rmw_PodWWRlP_Rfi_Fre_Fence_rw_rwdWW_Rfe
XLr_po_AQ_po_W_PodRRPAq_Rmw_PodWW_Coe_Fence_rw_rwdWW_Rfe
R_po_AQ_rfi_AMO_PodRRPAq_Rmw_Rfi_Rmw_Coe_Fence_rw_rwdWW_Rfe
AMO_po_W_po_loc_AQ_Rmw_PodWW_PosWRPAq_Rmw_Coe_Fence_rw_rwdWW_Rfe
RL_po_loc_XLr_po_W_Rmw_PosWRRlP_PodRW_Coe_Fence_rw_rwdWW_Rfe
XLr_po_loc_R_po_AMO_PosRR_PodRR_Rmw_Coe_Fence_rw_rwdWW_Rfe
XLr_po_loc_R_po_AQ_PosRR_PodRRPAq_Rmw_Coe_Fence_rw_rwdWW_Rfe
XLr_fri_W_po_AQ_Fri_PodWRPAq_Rmw_Coe_Fence_rw_rwdWW_Rfe
AMO_po_R_ctrl_AMO_Rmw_PodWR_DpCtrldR_Rmw_Coe_Fence_rw_rwdWW_Rfe
R_po_AMO_po_loc_XLr_PodRR_Rmw_PosWR_Fre_Fence_rw_rwdWW_Rfe
RL_po_XLr_ctrl_W_Rmw_PodWRRlP_DpCtrldW_Coe_Fence_rw_rwdWW_Rfe
RL_po_W_rfi_AMO_Rmw_PodWWRlP_Rfi_Rmw_Coe_Fence_rw_rwdWW_Rfe
RL_po_W_po_loc_XLr_Rmw_PodWWRlP_PosWR_Fre_Fence_rw_rwdWW_Rfe
R_po_AMO_po_AQ_PodRR_Rmw_PodWRPAq_Rmw_Coe_Fence_rw_rwdWW_Rfe
AMO_po_XLr_addr_W_Rmw_PodWR_DpAddrdW_Coe_Fence_rw_rwdWW_Rfe
AMO_po_R_po_AMO_Rmw_PodWR_PodRR_Rmw_Coe_Fence_rw_rwdWW_Rfe
XLr_po_W_po_AMO_PodRW_PodWR_Rmw_Coe_Fence_rw_rwdWW_Rfe
XLr_po_W_rfi_AQ_PodRW_RfiPAq_Rmw_Coe_Fence_rw_rwdWW_Rfe
AMO_po_AMO_rfi_R_Rmw_PodWR_Rmw_Rfi_Fre_Fence_rw_rwdWW_Rfe
RL_po_AMO_po_W_Rmw_PodWRRlP_Rmw_PodWW_Coe_Fence_rw_rwdWW_Rfe
R_po_XLr_ctrl_AMO_PodRR_DpCtrldR_Rmw_Coe_Fence_rw_rwdWW_Rfe
AMO_po_AMO_po_W_Rmw_PodWR_Rmw_PodWW_Coe_Fence_rw_rwdWW_Rfe
XLr_po_R_ctrl_AMO_PodRR_DpCtrldR_Rmw_Coe_Fence_rw_rwdWW_Rfe
XLr_po_W_po_loc_AMO_PodRW_PosWR_Rmw_Coe_Fence_rw_rwdWW_Rfe
XLr_po_R_ctrl_AQ_PodRR_DpCtrldRPAq_Rmw_Coe_Fence_rw_rwdWW_Rfe
XLr_po_AMO_po_loc_W_PodRR_Rmw_PosWW_Coe_Fence_rw_rwdWW_Rfe
R_po_AMO_rfi_AQ_PodRR_Rmw_RfiPAq_Rmw_Coe_Fence_rw_rwdWW_Rfe
AMO_po_XLr_po_loc_W_Rmw_PodWR_PosRW_Coe_Fence_rw_rwdWW_Rfe
XLr_po_XLr_data_W_PodRR_DpDatadW_Coe_Fence_rw_rwdWW_Rfe
R_po_loc_XLr_po_AMO_PosRR_PodRR_Rmw_Coe_Fence_rw_rwdWW_Rfe
XLr_po_AQ_po_loc_R_PodRRPAq_Rmw_PosWR_Fre_Fence_rw_rwdWW_Rfe
AMO_po_AQ_rfi_R_Rmw_PodWRPAq_Rmw_Rfi_Fre_Fence_rw_rwdWW_Rfe
AMO_po_loc_R_po_AMO_Rmw_PosWR_PodRR_Rmw_Coe_Fence_rw_rwdWW_Rfe
AMO_po_R_po_loc_AQ_Rmw_PodWR_PosRRPAq_Rmw_Coe_Fence_rw_rwdWW_Rfe
AMO_po_loc_W_po_AQ_Rmw_PosWW_PodWRPAq_Rmw_Coe_Fence_rw_rwdWW_Rfe
RL_rfi_AMO_po_W_Rmw_RfiRlP_Rmw_PodWW_Coe_Fence_rw_rwdWW_Rfe
RL_rfi_R_po_AMO_Rmw_RfiRlP_PodRR_Rmw_Coe_Fence_rw_rwdWW_Rfe
RL_po_W_po_loc_AMO_Rmw_PodWWRlP_PosWR_Rmw_Coe_Fence_rw_rwdWW_Rfe
XLr_po_loc_W_po_AMO_PosRW_PodWR_Rmw_Coe_Fence_rw_rwdWW_Rfe
R_po_AMO_rfi_XLr_PodRR_Rmw_Rfi_Fre_Fence_rw_rwdWW_Rfe
AMO_po_loc_W_po_AMO_Rmw_PosWW_PodWR_Rmw_Coe_Fence_rw_rwdWW_Rfe
AMO_coi_W_po_AQ_Rmw_Coi_PodWRPAq_Rmw_Coe_Fence_rw_rwdWW_Rfe
XLr_po_R_po_AQ_PodRR_PodRRPAq_Rmw_Coe_Fence_rw_rwdWW_Rfe
RL_po_R_po_loc_AMO_Rmw_PodWRRlP_PosRR_Rmw_Coe_Fence_rw_rwdWW_Rfe
R_po_AMO_po_loc_AMO_PodRR_Rmw_PosWR_Rmw_Coe_Fence_rw_rwdWW_Rfe
XLr_po_AMO_po_W_PodRR_Rmw_PodWW_Coe_Fence_rw_rwdWW_Rfe
R_po_AQ_po_loc_AQ_PodRRPAq_Rmw_PosWRPAq_Rmw_Coe_Fence_rw_rwdWW_Rfe
AMO_po_W_rfi_XLr_Rmw_PodWW_Rfi_Fre_Fence_rw_rwdWW_Rfe
XLr_po_R_po_loc_AQ_PodRR_PosRRPAq_Rmw_Coe_Fence_rw_rwdWW_Rfe
AMO_po_XLr_ctrl_W_Rmw_PodWR_DpCtrldW_Coe_Fence_rw_rwdWW_Rfe
XLr_po_XLr_po_W_PodRR_PodRW_Coe_Fence_rw_rwdWW_Rfe
RL_po_AMO_rfi_R_Rmw_PodWRRlP_Rmw_Rfi_Fre_Fence_rw_rwdWW_Rfe
RL_po_W_po_AMO_Rmw_PodWWRlP_PodWR_Rmw_Coe_Fence_rw_rwdWW_Rfe
R_po_XLr_po_AQ_PodRR_PodRRPAq_Rmw_Coe_Fence_rw_rwdWW_Rfe
RL_po_XLr_addr_W_Rmw_PodWRRlP_DpAddrdW_Coe_Fence_rw_rwdWW_Rfe
AMO_po_loc_AMO_po_W_Rmw_PosWR_Rmw_PodWW_Coe_Fence_rw_rwdWW_Rfe
RL_po_AMO_coi_W_Rmw_PodWRRlP_Rmw_Coi_Coe_Fence_rw_rwdWW_Rfe
AMO_po_W_rfi_AMO_Rmw_PodWW_Rfi_Rmw_Coe_Fence_rw_rwdWW_Rfe
AMO_po_AQ_po_W_Rmw_PodWRPAq_Rmw_PodWW_Coe_Fence_rw_rwdWW_Rfe
R_po_XLr_po_loc_AMO_PodRR_PosRR_Rmw_Coe_Fence_rw_rwdWW_Rfe
AMO_po_AMO_po_loc_R_Rmw_PodWR_Rmw_PosWR_Fre_Fence_rw_rwdWW_Rfe
XLr_po_loc_AMO_po_W_PosRR_Rmw_PodWW_Coe_Fence_rw_rwdWW_Rfe
XLr_po_AMO_po_loc_R_PodRR_Rmw_PosWR_Fre_Fence_rw_rwdWW_Rfe
AMO_po_XLr_fri_W_Rmw_PodWR_Fri_Coe_Fence_rw_rwdWW_Rfe
XLr_po_AQ_rfi_R_PodRRPAq_Rmw_Rfi_Fre_Fence_rw_rwdWW_Rfe
AMO_rfi_R_po_AMO_Rmw_Rfi_PodRR_Rmw_Coe_Fence_rw_rwdWW_Rfe
AMO_po_AQ_po_loc_W_Rmw_PodWRPAq_Rmw_PosWW_Coe_Fence_rw_rwdWW_Rfe
R_po_AQ_po_loc_AMO_PodRRPAq_Rmw_PosWR_Rmw_Coe_Fence_rw_rwdWW_Rfe
XLr_po_AMO_coi_W_PodRR_Rmw_Coi_Coe_Fence_rw_rwdWW_Rfe
AMO_po_R_po_AQ_Rmw_PodWR_PodRRPAq_Rmw_Coe_Fence_rw_rwdWW_Rfe
RL_po_R_ctrl_AMO_Rmw_PodWRRlP_DpCtrldR_Rmw_Coe_Fence_rw_rwdWW_Rfe
AMO_po_W_po_AMO_Rmw_PodWW_PodWR_Rmw_Coe_Fence_rw_rwdWW_Rfe
RL_po_AMO_po_loc_W_Rmw_PodWRRlP_Rmw_PosWW_Coe_Fence_rw_rwdWW_Rfe
RL_rfi_R_po_AQ_Rmw_RfiRlP_PodRRPAq_Rmw_Coe_Fence_rw_rwdWW_Rfe
RL_po_AMO_po_loc_R_Rmw_PodWRRlP_Rmw_PosWR_Fre_Fence_rw_rwdWW_Rfe
XLr_po_XLr_po_loc_W_PodRR_PosRW_Coe_Fence_rw_rwdWW_Rfe
R_po_XLr_ctrl_AQ_PodRR_DpCtrldRPAq_Rmw_Coe_Fence_rw_rwdWW_Rfe
RL_rfi_XLr_po_W_Rmw_RfiRlP_PodRW_Coe_Fence_rw_rwdWW_Rfe
RL_po_W_rfi_AQ_Rmw_PodWWRlP_RfiPAq_Rmw_Coe_Fence_rw_rwdWW_Rfe
RL_coi_W_po_AMO_Rmw_CoiRlP_PodWR_Rmw_Coe_Fence_rw_rwdWW_Rfe
RL_po_XLr_data_W_Rmw_PodWRRlP_DpDatadW_Coe_Fence_rw_rwdWW_Rfe
R_po_AQ_rfi_AQ_PodRRPAq_Rmw_RfiPAq_Rmw_Coe_Fence_rw_rwdWW_Rfe
R_po_AQ_po_AQ_PodRRPAq_Rmw_PodWRPAq_Rmw_Coe_Fence_rw_rwdWW_Rfe
XLr_data_W_po_AMO_DpDatadW_PodWR_Rmw_Coe_Fence_rw_rwdWW_Rfe
XLr_po_R_po_loc_AMO_PodRR_PosRR_Rmw_Coe_Fence_rw_rwdWW_Rfe
R_po_AQ_rfi_XLr_PodRRPAq_Rmw_Rfi_Fre_Fence_rw_rwdWW_Rfe
AMO_po_W_po_loc_AMO_Rmw_PodWW_PosWR_Rmw_Coe_Fence_rw_rwdWW_Rfe
W_rfi_AMO_po_W_Rfi_Rmw_PodWW_Coe_Fence_rw_rwdWW_Coe
W_rfi_XLr_po_W_Rfi_PodRW_Coe_Fence_rw_rwdWW_Coe
W_rfi_R_po_AQ_Rfi_PodRRPAq_Rmw_Coe_Fence_rw_rwdWW_Coe
W_rfi_R_po_AMO_Rfi_PodRR_Rmw_Coe_Fence_rw_rwdWW_Coe
W_po_loc_AMO_po_W_PosWR_Rmw_PodWW_Coe_Fence_rw_rwdWW_Coe
LB+po+poarar+NEW
S+poarar+po+NEW
S+porlrl+po+NEW
RL_coi_W_po_loc_XLr_Rmw_CoiRlP_PosWR_DpAddrdW_Coe_Fence_rw_rwdWW_Rfe
AMO_po_loc_W_po_loc_XLr_Rmw_PosWW_PosWR_DpAddrdW_Coe_Fence_rw_rwdWW_Rfe
AMO_coi_W_rfi_XLr_Rmw_Coi_Rfi_DpAddrdW_Coe_Fence_rw_rwdWW_Rfe
AMO_po_loc_W_rfi_XLr_Rmw_PosWW_Rfi_DpAddrdW_Coe_Fence_rw_rwdWW_Rfe
XLr_fri_W_po_loc_XLr_Fri_PosWR_DpAddrdW_Coe_Fence_rw_rwdWW_Rfe
XLr_fri_W_rfi_XLr_Fri_Rfi_DpAddrdW_Coe_Fence_rw_rwdWW_Rfe
RL_coi_W_rfi_XLr_Rmw_CoiRlP_Rfi_DpAddrdW_Coe_Fence_rw_rwdWW_Rfe
RL_po_loc_W_po_loc_XLr_Rmw_PosWWRlP_PosWR_DpAddrdW_Coe_Fence_rw_rwdWW_Rfe
AMO_coi_W_po_loc_XLr_Rmw_Coi_PosWR_DpAddrdW_Coe_Fence_rw_rwdWW_Rfe
RL_po_loc_W_rfi_XLr_Rmw_PosWWRlP_Rfi_DpAddrdW_Coe_Fence_rw_rwdWW_Rfe
XLr_po_loc_W_rfi_XLr_PosRW_Rfi_DpAddrdW_Coe_Fence_rw_rwdWW_Rfe
XLr_po_loc_W_po_loc_XLr_PosRW_PosWR_DpAddrdW_Coe_Fence_rw_rwdWW_Rfe
LB+data+poxp
LB+ctrl+popx
LB+addr+popx
LB+addr+poxp
LB+ctrl+poxp
LB+data+popx
ISA-MP-DEP-SUCCESS-SWAP-SIMPLE
XLr_po_AQ_po_XLr_PodRRPAq_Rmw_PodWR_Fre_Fence_rw_rwdWW_Rfe
XLr_addr_XLr_ctrl_XLr_DpAddrdR_DpCtrldR_Fre_Fence_rw_rwdWW_Rfe
XLr_addr_XLr_po_XLr_DpAddrdR_PodRR_Fre_Fence_rw_rwdWW_Rfe
AMO_po_AQ_po_XLr_Rmw_PodWRPAq_Rmw_PodWR_Fre_Fence_rw_rwdWW_Rfe
LB+addr+addrpx-poxp+VAR2
LB+data+datapx-dataxp
AMO_po_AMO_rfi_AQ_Rmw_PodWR_Rmw_RfiPAq_Rmw_Coe_Fence_rw_rwdWW_Rfe
XLr_po_AQ_rfi_AQ_PodRRPAq_Rmw_RfiPAq_Rmw_Coe_Fence_rw_rwdWW_Rfe
AMO_po_AMO_po_loc_AMO_Rmw_PodWR_Rmw_PosWR_Rmw_Coe_Fence_rw_rwdWW_Rfe
XLr_po_AMO_po_loc_AQ_PodRR_Rmw_PosWRPAq_Rmw_Coe_Fence_rw_rwdWW_Rfe
AMO_po_XLr_po_AQ_Rmw_PodWR_PodRRPAq_Rmw_Coe_Fence_rw_rwdWW_Rfe
AMO_rfi_XLr_po_AQ_Rmw_Rfi_PodRRPAq_Rmw_Coe_Fence_rw_rwdWW_Rfe
RL_po_XLr_po_AMO_Rmw_PodWRRlP_PodRR_Rmw_Coe_Fence_rw_rwdWW_Rfe
XLr_po_AMO_po_loc_AMO_PodRR_Rmw_PosWR_Rmw_Coe_Fence_rw_rwdWW_Rfe
XLr_po_AMO_rfi_AQ_PodRR_Rmw_RfiPAq_Rmw_Coe_Fence_rw_rwdWW_Rfe
XLr_po_AQ_rfi_XLr_PodRRPAq_Rmw_Rfi_Fre_Fence_rw_rwdWW_Rfe
AMO_po_AMO_po_AQ_Rmw_PodWR_Rmw_PodWRPAq_Rmw_Coe_Fence_rw_rwdWW_Rfe
XLr_po_XLr_po_AQ_PodRR_PodRRPAq_Rmw_Coe_Fence_rw_rwdWW_Rfe
RL_rfi_XLr_po_AMO_Rmw_RfiRlP_PodRR_Rmw_Coe_Fence_rw_rwdWW_Rfe
AMO_po_AQ_po_loc_AQ_Rmw_PodWRPAq_Rmw_PosWRPAq_Rmw_Coe_Fence_rw_rwdWW_Rfe
XLr_po_AQ_po_AMO_PodRRPAq_Rmw_PodWR_Rmw_Coe_Fence_rw_rwdWW_Rfe
AMO_po_AMO_rfi_AMO_Rmw_PodWR_Rmw_Rfi_Rmw_Coe_Fence_rw_rwdWW_Rfe
AMO_rfi_AMO_po_AMO_Rmw_Rfi_Rmw_PodWR_Rmw_Coe_Fence_rw_rwdWW_Rfe
RL_rfi_AMO_po_AMO_Rmw_RfiRlP_Rmw_PodWR_Rmw_Coe_Fence_rw_rwdWW_Rfe
AMO_po_loc_XLr_po_AQ_Rmw_PosWR_PodRRPAq_Rmw_Coe_Fence_rw_rwdWW_Rfe
RL_po_XLr_ctrl_AMO_Rmw_PodWRRlP_DpCtrldR_Rmw_Coe_Fence_rw_rwdWW_Rfe
RL_po_AMO_rfi_AQ_Rmw_PodWRRlP_Rmw_RfiPAq_Rmw_Coe_Fence_rw_rwdWW_Rfe
AMO_po_XLr_ctrl_AQ_Rmw_PodWR_DpCtrldRPAq_Rmw_Coe_Fence_rw_rwdWW_Rfe
AMO_po_AMO_po_loc_XLr_Rmw_PodWR_Rmw_PosWR_Fre_Fence_rw_rwdWW_Rfe
AMO_rfi_XLr_po_AMO_Rmw_Rfi_PodRR_Rmw_Coe_Fence_rw_rwdWW_Rfe
XLr_po_AQ_po_loc_XLr_PodRRPAq_Rmw_PosWR_Fre_Fence_rw_rwdWW_Rfe
AMO_po_XLr_po_loc_AQ_Rmw_PodWR_PosRRPAq_Rmw_Coe_Fence_rw_rwdWW_Rfe
RL_po_AMO_po_AMO_Rmw_PodWRRlP_Rmw_PodWR_Rmw_Coe_Fence_rw_rwdWW_Rfe
AMO_rfi_AMO_po_AQ_Rmw_Rfi_Rmw_PodWRPAq_Rmw_Coe_Fence_rw_rwdWW_Rfe
AMO_po_AMO_po_loc_AQ_Rmw_PodWR_Rmw_PosWRPAq_Rmw_Coe_Fence_rw_rwdWW_Rfe
RL_rfi_XLr_po_AQ_Rmw_RfiRlP_PodRRPAq_Rmw_Coe_Fence_rw_rwdWW_Rfe
XLr_po_AMO_rfi_XLr_PodRR_Rmw_Rfi_Fre_Fence_rw_rwdWW_Rfe
RL_po_XLr_po_loc_AMO_Rmw_PodWRRlP_PosRR_Rmw_Coe_Fence_rw_rwdWW_Rfe
XLr_po_XLr_po_loc_AQ_PodRR_PosRRPAq_Rmw_Coe_Fence_rw_rwdWW_Rfe
RL_po_AMO_po_loc_XLr_Rmw_PodWRRlP_Rmw_PosWR_Fre_Fence_rw_rwdWW_Rfe
RL_po_XLr_rmw_XSc_Rmw_PodWRRlP_PosRW_Coe_Fence_rw_rwdWW_Rfe
XLr_rmw_XSc_po_AMO_PosRW_PodWR_Rmw_Coe_Fence_rw_rwdWW_Rfe
XLr_po_loc_AMO_po_AMO_PosRR_Rmw_PodWR_Rmw_Coe_Fence_rw_rwdWW_Rfe
AMO_po_AQ_rfi_AMO_Rmw_PodWRPAq_Rmw_Rfi_Rmw_Coe_Fence_rw_rwdWW_Rfe
XLr_po_XLr_ctrl_AQ_PodRR_DpCtrldRPAq_Rmw_Coe_Fence_rw_rwdWW_Rfe
XLr_po_AQ_po_AQ_PodRRPAq_Rmw_PodWRPAq_Rmw_Coe_Fence_rw_rwdWW_Rfe
AMO_po_XLr_po_AMO_Rmw_PodWR_PodRR_Rmw_Coe_Fence_rw_rwdWW_Rfe
AMO_po_loc_XLr_po_AMO_Rmw_PosWR_PodRR_Rmw_Coe_Fence_rw_rwdWW_Rfe
AMO_po_loc_AMO_po_AMO_Rmw_PosWR_Rmw_PodWR_Rmw_Coe_Fence_rw_rwdWW_Rfe
XLr_po_AMO_po_loc_XLr_PodRR_Rmw_PosWR_Fre_Fence_rw_rwdWW_Rfe
XLr_po_XLr_ctrl_AMO_PodRR_DpCtrldR_Rmw_Coe_Fence_rw_rwdWW_Rfe
XLr_po_AMO_rfi_AMO_PodRR_Rmw_Rfi_Rmw_Coe_Fence_rw_rwdWW_Rfe
AMO_po_AQ_po_loc_XLr_Rmw_PodWRPAq_Rmw_PosWR_Fre_Fence_rw_rwdWW_Rfe
ISA-MP-DEP-SUCCESS-SWAP
RL_po_loc_AMO_po_AMO_Rmw_PosWRRlP_Rmw_PodWR_Rmw_Coe_Fence_rw_rwdWW_Rfe
AMO_po_AMO_rfi_XLr_Rmw_PodWR_Rmw_Rfi_Fre_Fence_rw_rwdWW_Rfe
AMO_po_AQ_po_loc_AMO_Rmw_PodWRPAq_Rmw_PosWR_Rmw_Coe_Fence_rw_rwdWW_Rfe
AMO_po_XLr_ctrl_AMO_Rmw_PodWR_DpCtrldR_Rmw_Coe_Fence_rw_rwdWW_Rfe
XLr_po_loc_XLr_po_AQ_PosRR_PodRRPAq_Rmw_Coe_Fence_rw_rwdWW_Rfe
AMO_po_loc_AMO_po_AQ_Rmw_PosWR_Rmw_PodWRPAq_Rmw_Coe_Fence_rw_rwdWW_Rfe
XLr_po_XLr_rmw_XSc_PodRR_PosRW_Coe_Fence_rw_rwdWW_Rfe
AMO_po_XLr_rmw_XSc_Rmw_PodWR_PosRW_Coe_Fence_rw_rwdWW_Rfe
XLr_po_XLr_po_loc_AMO_PodRR_PosRR_Rmw_Coe_Fence_rw_rwdWW_Rfe
AMO_po_AQ_po_AQ_Rmw_PodWRPAq_Rmw_PodWRPAq_Rmw_Coe_Fence_rw_rwdWW_Rfe
XLr_po_XLr_po_AMO_PodRR_PodRR_Rmw_Coe_Fence_rw_rwdWW_Rfe
RL_rfi_AMO_po_AQ_Rmw_RfiRlP_Rmw_PodWRPAq_Rmw_Coe_Fence_rw_rwdWW_Rfe
AMO_po_AMO_po_AMO_Rmw_PodWR_Rmw_PodWR_Rmw_Coe_Fence_rw_rwdWW_Rfe
RL_po_AMO_rfi_XLr_Rmw_PodWRRlP_Rmw_Rfi_Fre_Fence_rw_rwdWW_Rfe
RL_po_loc_XLr_po_AMO_Rmw_PosWRRlP_PodRR_Rmw_Coe_Fence_rw_rwdWW_Rfe
XLr_po_loc_AMO_po_AQ_PosRR_Rmw_PodWRPAq_Rmw_Coe_Fence_rw_rwdWW_Rfe
RL_po_AMO_rfi_AMO_Rmw_PodWRRlP_Rmw_Rfi_Rmw_Coe_Fence_rw_rwdWW_Rfe
AMO_po_AQ_po_AMO_Rmw_PodWRPAq_Rmw_PodWR_Rmw_Coe_Fence_rw_rwdWW_Rfe
XLr_po_AMO_po_AMO_PodRR_Rmw_PodWR_Rmw_Coe_Fence_rw_rwdWW_Rfe
XLr_po_AQ_po_loc_AQ_PodRRPAq_Rmw_PosWRPAq_Rmw_Coe_Fence_rw_rwdWW_Rfe
AMO_po_XLr_po_loc_AMO_Rmw_PodWR_PosRR_Rmw_Coe_Fence_rw_rwdWW_Rfe
XLr_po_AQ_rfi_AMO_PodRRPAq_Rmw_Rfi_Rmw_Coe_Fence_rw_rwdWW_Rfe
XLr_rmw_XSc_po_AQ_PosRW_PodWRPAq_Rmw_Coe_Fence_rw_rwdWW_Rfe
AMO_po_AQ_rfi_AQ_Rmw_PodWRPAq_Rmw_RfiPAq_Rmw_Coe_Fence_rw_rwdWW_Rfe
AMO_po_AQ_rfi_XLr_Rmw_PodWRPAq_Rmw_Rfi_Fre_Fence_rw_rwdWW_Rfe
XLr_po_AQ_po_loc_AMO_PodRRPAq_Rmw_PosWR_Rmw_Coe_Fence_rw_rwdWW_Rfe
XLr_po_loc_XLr_po_AMO_PosRR_PodRR_Rmw_Coe_Fence_rw_rwdWW_Rfe
XLr_po_AMO_po_AQ_PodRR_Rmw_PodWRPAq_Rmw_Coe_Fence_rw_rwdWW_Rfe
RL_po_AMO_po_loc_AMO_Rmw_PodWRRlP_Rmw_PosWR_Rmw_Coe_Fence_rw_rwdWW_Rfe
W_po_loc_AMO_po_AQ_PosWR_Rmw_PodWRPAq_Rmw_Coe_Fence_rw_rwdWW_Coe
W_po_loc_AMO_po_AMO_PosWR_Rmw_PodWR_Rmw_Coe_Fence_rw_rwdWW_Coe
W_rfi_AMO_po_AQ_Rfi_Rmw_PodWRPAq_Rmw_Coe_Fence_rw_rwdWW_Coe
W_rfi_AMO_po_AMO_Rfi_Rmw_PodWR_Rmw_Coe_Fence_rw_rwdWW_Coe
W_rfi_XLr_po_AMO_Rfi_PodRR_Rmw_Coe_Fence_rw_rwdWW_Coe
W_rfi_XLr_po_AQ_Rfi_PodRRPAq_Rmw_Coe_Fence_rw_rwdWW_Coe
S+fence.rw.rw+poxx
LB+fence.rw.rw+poxx
S+porlp+poprl+NEW
2+2W+poprl+porlp+NEW
2+2W+porlps+NEW
LB+addr+poxx
LB+ctrl+poxx
LB+data+poxx
2+2W+porlp+porlrl+NEW
2+2Swap
LB+popxs
LB+poxps
ISA03+SB02
2+2W+poxxs
S+poxxs
LB+poxxs
SB+poxxs
R+poxxs
MP+poxxs
