R_addr_R_ctrl_R_DpAddrdR_DpCtrldR_Fre_Fence_rw_rwdWW_Rfe
R_addr_W_po_R_DpAddrdW_PodWR_Fre_Fence_rw_rwdWW_Rfe
R_addr_R_po_R_DpAddrdR_PodRR_Fre_Fence_rw_rwdWW_Rfe
RSW
XLr_addr_R_ctrl_R_DpAddrdR_DpCtrldR_Fre_Fence_rw_rwdWW_Rfe
R_addr_R_po_XLr_DpAddrdR_PodRR_Fre_Fence_rw_rwdWW_Rfe
R_addr_R_ctrl_XLr_DpAddrdR_DpCtrldR_Fre_Fence_rw_rwdWW_Rfe
XLr_addr_R_po_R_DpAddrdR_PodRR_Fre_Fence_rw_rwdWW_Rfe
XLr_addr_W_po_R_DpAddrdW_PodWR_Fre_Fence_rw_rwdWW_Rfe
R_addr_XLr_po_R_DpAddrdR_PodRR_Fre_Fence_rw_rwdWW_Rfe
R_addr_W_po_XLr_DpAddrdW_PodWR_Fre_Fence_rw_rwdWW_Rfe
R_addr_XLr_ctrl_R_DpAddrdR_DpCtrldR_Fre_Fence_rw_rwdWW_Rfe
XLr_addr_XLr_po_R_DpAddrdR_PodRR_Fre_Fence_rw_rwdWW_Rfe
R_addr_XLr_ctrl_XLr_DpAddrdR_DpCtrldR_Fre_Fence_rw_rwdWW_Rfe
R_addr_XLr_po_XLr_DpAddrdR_PodRR_Fre_Fence_rw_rwdWW_Rfe
XLr_addr_W_po_XLr_DpAddrdW_PodWR_Fre_Fence_rw_rwdWW_Rfe
XLr_addr_R_po_XLr_DpAddrdR_PodRR_Fre_Fence_rw_rwdWW_Rfe
XLr_addr_R_ctrl_XLr_DpAddrdR_DpCtrldR_Fre_Fence_rw_rwdWW_Rfe
XLr_addr_XLr_ctrl_R_DpAddrdR_DpCtrldR_Fre_Fence_rw_rwdWW_Rfe
XLr_addr_XLr_ctrl_XLr_DpAddrdR_DpCtrldR_Fre_Fence_rw_rwdWW_Rfe
XLr_addr_XLr_po_XLr_DpAddrdR_PodRR_Fre_Fence_rw_rwdWW_Rfe
