Mon Aug  4 09:11:14 2025
%%%%%%%%%%%%%%%%%%%%%%%%%%%%%%%%%%%%%%%%%%%%%%%%%
% Results for /home/sipeed/riscv/LB_0/LB.litmus %
%%%%%%%%%%%%%%%%%%%%%%%%%%%%%%%%%%%%%%%%%%%%%%%%%
RISCV LB
"PodRW Rfe PodRW Rfe"
{0:x6=x; 0:x7=1; 0:x8=y; 1:x6=y; 1:x7=1; 1:x8=x;}
 P0          | P1          ;
 lw x5,0(x6) | lw x5,0(x6) ;
 sw x7,0(x8) | sw x7,0(x8) ;

exists (0:x5=1 /\ 1:x5=1)
Generated assembler
#START _litmus_P0
	lw a1,0(a5)
	sw a7,0(a4)
#START _litmus_P1
	lw a1,0(a5)
	sw a7,0(a4)
Test LB Allowed
Histogram (4 states)
102850:>0:x5=0; 1:x5=0;
942305:>0:x5=1; 1:x5=0;
949721:>0:x5=0; 1:x5=1;
5124  *>0:x5=1; 1:x5=1;
Ok

Witnesses
Positive: 5124, Negative: 1994876
Condition exists (0:x5=1 /\ 1:x5=1) is validated
Hash=585d57e5ad552d5cb01e772ee7cc749c
Cycle=Rfe PodRW Rfe PodRW
Relax LB Ok 
Safe=Rfe PodRW
Generator=diy7 (version 7.51+4(dev))
Com=Rf Rf
Orig=PodRW Rfe PodRW Rfe
Observation LB Sometimes 5124 1994876
Time LB 20.41
Revision exported, version 7.56
Command line: litmus7 -carch RISCV -limit true -mem direct -p 0,1 -barrier userfence -stride 1 -size_of_test 100 -number_of_run 10 -driver C -gcc gcc -ccopts -O2 -linkopt -static -smtmode seq -smt 2 -avail 4 /home/sipeed/riscv/LB_0/LB.litmus -o /home/sipeed/riscv/LB_0
Parameters
#define SIZE_OF_TEST 100
#define NUMBER_OF_RUN 10
#define AVAIL 4
#define STRIDE 1
#define MAX_LOOP 0
/* gcc options: -Wall -std=gnu99 -O2 -pthread */
/* gcc link options: -static */
/* barrier: userfence */
/* launch: changing */
/* affinity: none */
/* procs: {0,1} */
/* alloc: dynamic */
/* memory: direct */
/* stride: 1 */
/* safer: write */
/* preload: random */
/* speedcheck: no */
/* proc used: 4 */
Command: /home/sipeed/riscv/LB_0/run.exe -r 10000
Mon Aug  4 09:11:34 2025
