Mon Aug  4 09:13:03 2025
%%%%%%%%%%%%%%%%%%%%%%%%%%%%%%%%%%%%%%%%%%%%%%%%%%%
% Results for /home/sipeed/riscv/SB_2/SB_9.litmus %
%%%%%%%%%%%%%%%%%%%%%%%%%%%%%%%%%%%%%%%%%%%%%%%%%%%
RISCV SB
{0:x5=1; 1:x5=1; 0:x6=x; 0:x8=y; 1:x6=y; 1:x8=x;}
 P0          | P1          ;
 sw x5,0(x6) | lw x0,0(x6) ;
 lw x7,0(x8) | sw x5,0(x6) ;
             | lw x7,0(x8) ;

exists (0:x7=0 /\ 1:x7=0)
Generated assembler
#START _litmus_P1
	lw x0,0(a5)
	sw a7,0(a5)
	lw a1,0(a4)
#START _litmus_P0
	sw a7,0(a5)
	lw a1,0(a4)
Test SB Allowed
Histogram (4 states)
99832 *>0:x7=0; 1:x7=0;
942376:>0:x7=1; 1:x7=0;
951501:>0:x7=0; 1:x7=1;
6291  :>0:x7=1; 1:x7=1;
Ok

Witnesses
Positive: 99832, Negative: 1900168
Condition exists (0:x7=0 /\ 1:x7=0) is validated
Hash=c9ceb333d4d6bcbd02b41f4a3dcafba9
Observation SB Sometimes 99832 1900168
Time SB 20.33
Revision exported, version 7.56
Command line: litmus7 -carch RISCV -limit true -mem direct -p 0,1 -barrier userfence -stride 1 -size_of_test 100 -number_of_run 10 -driver C -gcc gcc -ccopts -O2 -linkopt -static -smtmode seq -smt 2 -avail 4 /home/sipeed/riscv/SB_2/SB_9.litmus -o /home/sipeed/riscv/SB_2
Parameters
#define SIZE_OF_TEST 100
#define NUMBER_OF_RUN 10
#define AVAIL 4
#define STRIDE 1
#define MAX_LOOP 0
/* gcc options: -Wall -std=gnu99 -O2 -pthread */
/* gcc link options: -static */
/* barrier: userfence */
/* launch: changing */
/* affinity: none */
/* procs: {0,1} */
/* alloc: dynamic */
/* memory: direct */
/* stride: 1 */
/* safer: write */
/* preload: random */
/* speedcheck: no */
/* proc used: 4 */
Command: /home/sipeed/riscv/SB_2/run.exe -r 10000
Mon Aug  4 09:13:24 2025
