Mon Aug  4 09:18:46 2025
%%%%%%%%%%%%%%%%%%%%%%%%%%%%%%%%%%%%%%%%%%%%%%%%%%%
% Results for /home/sipeed/riscv/WRC_0/WRC.litmus %
%%%%%%%%%%%%%%%%%%%%%%%%%%%%%%%%%%%%%%%%%%%%%%%%%%%
RISCV WRC
"Rfe PodRW Rfe PodRR Fre"
{uint64_t y=0; uint64_t x=0; uint64_t 2:x7=0; uint64_t 2:x5=0; uint64_t 1:x5=0; 0:x5=1; 0:x6=x; 1:x6=x; 1:x7=1; 1:x8=y; 2:x6=y; 2:x8=x;}
 P0          | P1          | P2          ;
 sd x5,0(x6) | ld x5,0(x6) | ld x5,0(x6) ;
             | sd x7,0(x8) | ld x7,0(x8) ;

exists (1:x5=1 /\ 2:x5=1 /\ 2:x7=0)
Generated assembler
#START _litmus_P2
	ld a0,0(a5)
	ld s4,0(a2)
#START _litmus_P0
	sd a7,0(a5)
#START _litmus_P1
	ld a0,0(a5)
	sd t3,0(a1)
Test WRC Allowed
Histogram (8 states)
175711:>1:x5=0; 2:x5=0; 2:x7=0;
184988:>1:x5=1; 2:x5=0; 2:x7=0;
147933:>1:x5=0; 2:x5=1; 2:x7=0;
93    *>1:x5=1; 2:x5=1; 2:x7=0;
9658  :>1:x5=0; 2:x5=0; 2:x7=1;
142311:>1:x5=1; 2:x5=0; 2:x7=1;
200108:>1:x5=0; 2:x5=1; 2:x7=1;
139198:>1:x5=1; 2:x5=1; 2:x7=1;
Ok

Witnesses
Positive: 93, Negative: 999907
Condition exists (1:x5=1 /\ 2:x5=1 /\ 2:x7=0) is validated
Hash=2fa28628dad8987651ff47fd1817dae0
Cycle=Rfe PodRW Rfe PodRR Fre
Relax WRC Ok 
Safe=Rfe Fre PodRW PodRR
Generator=diy7 (version 7.55)
Com=Rf Rf Fr
Orig=Rfe PodRW Rfe PodRR Fre
Observation WRC Sometimes 93 999907
Time WRC 34.95
Revision exported, version 7.56
Command line: litmus7 -carch RISCV -limit true -mem direct -p 0,1 -barrier userfence -stride 1 -size_of_test 100 -number_of_run 10 -driver C -gcc gcc -ccopts -O2 -linkopt -static -smtmode seq -smt 2 -avail 4 /home/sipeed/riscv/WRC_0/WRC.litmus -o /home/sipeed/riscv/WRC_0
Parameters
#define SIZE_OF_TEST 100
#define NUMBER_OF_RUN 10
#define AVAIL 4
#define STRIDE 1
#define MAX_LOOP 0
/* gcc options: -Wall -std=gnu99 -O2 -pthread */
/* gcc link options: -static */
/* barrier: userfence */
/* launch: changing */
/* affinity: none */
/* procs: {0,1} */
/* alloc: dynamic */
/* memory: direct */
/* stride: 1 */
/* safer: write */
/* preload: random */
/* speedcheck: no */
/* proc used: 4 */
Command: /home/sipeed/riscv/WRC_0/run.exe -r 10000
Mon Aug  4 09:19:21 2025
